[2014-09-30 18:59:38] START
[2014-09-30 19:02:24] CREATE db1.py: 0
[2014-09-30 19:03:57] EDIT indep_ajax/models/db1.py: 35
[2014-09-30 20:05:54] EDIT indep_ajax/models/db1.py: 0
[2014-09-30 20:14:56] EDIT indep_ajax/controllers/default.py: 0
[2014-09-30 20:15:56] EDIT indep_ajax/views/default/index.html: -26
[2014-09-30 20:16:47] EDIT indep_ajax/controllers/default.py: 0
[2014-09-30 20:18:14] CREATE default/get_members.html: 0
[2014-09-30 20:20:45] EDIT indep_ajax/controllers/default.py: -3
[2014-09-30 20:21:39] EDIT indep_ajax/controllers/default.py: 0
[2014-09-30 20:22:10] EDIT indep_ajax/controllers/default.py: 0
[2014-09-30 20:46:01] EDIT indep_ajax/models/db.py: 0
[2014-09-30 20:49:17] EDIT indep_ajax/models/db.py: 0
[2014-09-30 20:51:04] EDIT indep_ajax/models/db.py: 0
[2014-09-30 20:52:46] EDIT indep_ajax/models/db.py: 0
[2014-09-30 21:29:53] EDIT indep_ajax/controllers/default.py: 0
[2014-09-30 21:30:46] EDIT indep_ajax/views/default/index.html: 10
[2014-09-30 21:31:31] EDIT indep_ajax/controllers/default.py: 0
[2014-09-30 21:32:22] EDIT indep_ajax/controllers/default.py: 0
[2014-09-30 21:32:27] EDIT indep_ajax/views/default/index.html: 0
[2014-09-30 21:35:59] EDIT indep_ajax/views/default/index.html: 0
[2014-09-30 21:37:49] DELETE indep_ajax/views/default/index.html: -16
[2014-09-30 21:40:19] EDIT indep_ajax/controllers/default.py: 0
[2014-09-30 21:40:26] EDIT indep_ajax/controllers/default.py: 0
[2014-09-30 21:42:15] EDIT indep_ajax/views/default/get_members.html: 0
[2014-09-30 21:42:57] EDIT indep_ajax/views/default/get_members.html: 0
[2014-09-30 21:45:20] EDIT indep_ajax/views/generic.html: 3
[2014-09-30 21:46:34] EDIT indep_ajax/controllers/default.py: 0
[2014-09-30 21:47:12] EDIT indep_ajax/controllers/default.py: 0
[2014-09-30 21:47:47] EDIT indep_ajax/controllers/default.py: 0
[2014-09-30 21:48:22] CREATE default/index.html: 0
[2014-09-30 21:48:37] EDIT indep_ajax/views/default/index.html: 0
[2014-09-30 21:49:48] EDIT indep_ajax/views/default/index.html: 13
[2014-09-30 22:31:37] EDIT indep_ajax/controllers/default.py: 2
[2014-09-30 22:32:00] CREATE default/edit_case.html: 0
[2014-09-30 22:33:32] EDIT indep_ajax/views/default/edit_case.html: 1
[2014-09-30 22:34:22] EDIT indep_ajax/controllers/default.py: 16
[2014-09-30 22:37:55] EDIT indep_ajax/controllers/default.py: 17
[2014-09-30 22:39:28] CREATE default/show_ajax.html: 0
[2014-09-30 22:40:24] EDIT indep_ajax/views/default/show_ajax.html: 33
[2014-09-30 22:42:08] EDIT indep_ajax/controllers/default.py: 4
[2014-09-30 22:44:22] EDIT indep_ajax/views/default/show_ajax.html: 0
[2014-09-30 22:51:03] EDIT indep_ajax/controllers/default.py: 0
[2014-09-30 22:53:20] EDIT indep_ajax/controllers/default.py: 2
[2014-09-30 22:54:45] EDIT indep_ajax/controllers/default.py: 1
[2014-09-30 22:56:32] EDIT indep_ajax/controllers/default.py: 0
[2014-09-30 22:58:06] EDIT indep_ajax/controllers/default.py: 0
[2014-09-30 22:58:59] EDIT indep_ajax/controllers/default.py: 0
[2014-09-30 22:59:48] EDIT indep_ajax/controllers/default.py: -2
[2014-09-30 23:05:59] EDIT indep_ajax/models/menu.py: -2
[2014-09-30 23:09:20] EDIT indep_ajax/views/layout.html: 0
[2014-10-01 14:59:39] EDIT indep_ajax/views/default/index.html: 0
[2014-10-01 15:00:25] EDIT indep_ajax/views/default/index.html: 0
[2014-10-01 15:07:07] EDIT indep_ajax/controllers/default.py: 0
[2014-10-01 15:37:52] EDIT indep_ajax/controllers/default.py: 1
[2014-10-01 15:40:36] EDIT indep_ajax/controllers/default.py: 6
[2014-10-01 15:41:16] EDIT indep_ajax/controllers/default.py: 1
[2014-10-01 15:42:01] EDIT indep_ajax/controllers/default.py: 0
[2014-10-01 15:45:57] EDIT indep_ajax/views/default/edit_case.html: 1
[2014-10-01 15:49:55] EDIT indep_ajax/controllers/default.py: 2
[2014-10-01 15:50:45] EDIT indep_ajax/views/default/edit_case.html: 0
[2014-10-01 15:51:23] EDIT indep_ajax/views/default/edit_case.html: 0
[2014-10-01 15:52:44] EDIT indep_ajax/views/default/edit_case.html: 0
[2014-10-01 15:53:43] EDIT indep_ajax/views/default/edit_case.html: -1
[2014-10-01 15:57:29] EDIT indep_ajax/controllers/default.py: 1
[2014-10-01 16:30:48] EDIT indep_ajax/controllers/default.py: 2
[2014-10-01 16:32:16] EDIT indep_ajax/controllers/default.py: 0
[2014-10-01 16:34:15] EDIT indep_ajax/controllers/default.py: 0
[2014-10-01 16:34:27] EDIT indep_ajax/controllers/default.py: 0
[2014-10-01 16:36:47] EDIT indep_ajax/views/default/edit_case.html: 3
[2014-10-01 16:38:57] EDIT indep_ajax/views/default/edit_case.html: 0
[2014-10-01 16:39:33] EDIT indep_ajax/views/default/edit_case.html: 0
[2014-10-01 16:40:14] EDIT indep_ajax/views/default/edit_case.html: 0
[2014-10-01 16:40:39] EDIT indep_ajax/views/default/edit_case.html: 0
[2014-10-01 16:42:01] EDIT indep_ajax/views/default/edit_case.html: 0
[2014-10-01 16:43:11] EDIT indep_ajax/views/default/edit_case.html: 0
[2014-10-01 17:54:07] CREATE default/edit_action.html: 0
[2014-10-01 17:54:35] EDIT indep_ajax/views/default/edit_action.html: 0
[2014-10-01 17:55:26] EDIT indep_ajax/controllers/default.py: 0
[2014-10-01 17:55:37] EDIT indep_ajax/views/default/edit_action.html: 0
[2014-10-01 17:57:44] EDIT indep_ajax/controllers/default.py: 3
[2014-10-01 18:04:58] EDIT indep_ajax/controllers/default.py: 7
[2014-10-01 18:05:50] EDIT indep_ajax/controllers/default.py: 0
[2014-10-01 18:06:20] EDIT indep_ajax/views/default/edit_action.html: 0
[2014-10-01 18:09:20] EDIT indep_ajax/views/default/edit_case.html: 0
[2014-10-01 18:14:13] EDIT indep_ajax/views/default/edit_case.html: 2
[2014-10-01 18:15:21] EDIT indep_ajax/views/default/edit_case.html: 0
[2014-10-01 18:16:45] EDIT indep_ajax/views/default/edit_case.html: 4
[2014-10-01 18:25:15] EDIT indep_ajax/views/default/edit_case.html: 1
[2014-10-01 18:25:32] EDIT indep_ajax/views/default/edit_case.html: 0
[2014-10-01 18:25:45] EDIT indep_ajax/views/default/edit_case.html: 0
[2014-10-01 18:32:41] EDIT indep_ajax/views/default/edit_case.html: 0
[2014-10-01 18:33:33] EDIT indep_ajax/views/default/edit_case.html: 0
[2014-10-01 18:34:10] EDIT indep_ajax/views/default/edit_case.html: 0
[2014-10-01 18:35:20] EDIT indep_ajax/views/default/edit_case.html: 0
[2014-10-01 19:41:48] EDIT indep_ajax/controllers/default.py: 1
[2014-10-01 19:45:28] EDIT indep_ajax/controllers/default.py: 0
[2014-10-01 19:50:11] EDIT indep_ajax/views/default/edit_case.html: 0
[2014-10-01 19:50:27] EDIT indep_ajax/controllers/default.py: 1
[2014-10-01 19:52:36] EDIT indep_ajax/views/default/edit_action.html: 0
[2014-10-01 19:52:39] EDIT indep_ajax/views/default/edit_case.html: 0
[2014-10-01 19:54:25] EDIT indep_ajax/controllers/default.py: 0
[2014-10-01 19:54:31] EDIT indep_ajax/views/default/edit_case.html: 0
[2014-10-01 19:54:33] EDIT indep_ajax/views/default/edit_action.html: 0
[2014-10-01 19:55:18] EDIT indep_ajax/views/default/edit_case.html: 0
[2014-10-01 19:57:52] EDIT indep_ajax/controllers/default.py: 0
[2014-10-01 19:59:52] EDIT indep_ajax/views/default/edit_case.html: 1
[2014-10-01 20:00:38] EDIT indep_ajax/views/default/edit_case.html: 0
[2014-10-01 20:01:45] EDIT indep_ajax/views/default/edit_case.html: 0
[2014-10-01 20:04:38] EDIT indep_ajax/views/default/edit_case.html: 0
[2014-10-01 20:05:39] EDIT indep_ajax/views/default/edit_case.html: 0
[2014-10-01 20:06:15] EDIT indep_ajax/views/default/edit_case.html: 0
[2014-10-01 20:07:16] EDIT indep_ajax/views/default/edit_case.html: 0
[2014-10-01 20:08:36] EDIT indep_ajax/views/default/edit_case.html: 0
[2014-10-01 20:09:21] EDIT indep_ajax/views/default/edit_case.html: 0
[2014-10-01 20:10:06] EDIT indep_ajax/views/default/edit_case.html: 0
[2014-10-01 20:11:40] EDIT indep_ajax/controllers/default.py: 1
[2014-10-01 20:12:00] EDIT indep_ajax/views/default/edit_case.html: 0
[2014-10-01 20:12:07] EDIT indep_ajax/controllers/default.py: 0
[2014-10-01 20:13:46] EDIT indep_ajax/controllers/default.py: 0
[2014-10-01 20:14:08] EDIT indep_ajax/controllers/default.py: 0
[2014-10-01 20:14:48] EDIT indep_ajax/controllers/default.py: 0
[2014-10-01 20:15:39] EDIT indep_ajax/views/default/edit_case.html: 0
[2014-10-01 20:18:58] EDIT indep_ajax/controllers/default.py: 0
[2014-10-01 20:21:14] EDIT indep_ajax/views/default/edit_case.html: 1
[2014-10-01 20:22:14] EDIT indep_ajax/controllers/default.py: 1
[2014-10-01 20:22:28] EDIT indep_ajax/views/default/edit_case.html: 0
[2014-10-01 20:23:59] EDIT indep_ajax/views/default/edit_case.html: 0
[2014-10-01 20:37:26] EDIT indep_ajax/controllers/default.py: 3
[2014-10-01 20:41:56] EDIT indep_ajax/controllers/default.py: 0
[2014-10-01 20:56:16] EDIT indep_ajax/controllers/default.py: 3
[2014-10-01 20:58:35] EDIT indep_ajax/controllers/default.py: 1
[2014-10-06 15:34:45] EDIT indep_ajax/views/default/edit_case.html: 0
[2014-10-06 15:38:03] EDIT indep_ajax/views/default/edit_case.html: 0
[2014-10-06 15:40:52] EDIT indep_ajax/views/default/edit_case.html: 0
[2014-10-06 15:49:30] EDIT indep_ajax/views/default/edit_case.html: 1
[2014-10-06 15:51:50] EDIT indep_ajax/views/default/edit_case.html: 1
[2014-10-06 15:52:12] EDIT indep_ajax/controllers/default.py: 0
[2014-10-06 15:52:16] EDIT indep_ajax/views/default/edit_case.html: 0
[2014-10-06 15:52:50] EDIT indep_ajax/views/default/edit_case.html: 2
[2014-10-06 15:54:08] EDIT indep_ajax/views/default/edit_case.html: 0
[2014-10-06 15:54:30] EDIT indep_ajax/views/default/edit_case.html: 0
[2014-10-06 15:55:10] EDIT indep_ajax/views/default/edit_case.html: 0
[2014-10-06 15:55:43] EDIT indep_ajax/views/default/edit_case.html: 0
[2014-10-06 15:56:18] EDIT indep_ajax/views/default/edit_case.html: 0
[2014-10-06 15:57:15] EDIT indep_ajax/views/default/edit_case.html: 0
[2014-10-06 16:00:36] EDIT indep_ajax/views/default/edit_case.html: 0
[2014-10-06 16:04:03] EDIT indep_ajax/views/default/edit_case.html: 0
[2014-10-06 16:04:03] EDIT indep_ajax/controllers/default.py: 0
[2014-10-06 16:08:22] EDIT indep_ajax/views/default/edit_case.html: -4
[2014-10-06 16:11:40] EDIT indep_ajax/views/default/edit_case.html: 0
[2014-10-06 16:51:19] EDIT indep_ajax/views/default/edit_case.html: 0
[2014-10-06 16:52:08] EDIT indep_ajax/views/default/edit_case.html: 0
[2014-10-06 16:54:35] EDIT indep_ajax/controllers/default.py: 1
[2014-10-06 17:13:52] EDIT indep_ajax/views/default/edit_case.html: 0
[2014-10-06 17:15:23] EDIT indep_ajax/controllers/default.py: 1
[2014-10-06 17:15:49] EDIT indep_ajax/views/default/edit_action.html: 1
[2014-10-06 17:18:28] EDIT indep_ajax/controllers/default.py: 0
[2014-10-06 17:25:15] EDIT indep_ajax/controllers/default.py: 5
[2014-10-06 17:25:47] EDIT indep_ajax/controllers/default.py: 0
[2014-10-06 17:26:04] EDIT indep_ajax/controllers/default.py: 0
[2014-10-06 17:26:21] EDIT indep_ajax/controllers/default.py: 0
[2014-10-06 17:28:03] EDIT indep_ajax/controllers/default.py: 1
[2014-10-06 17:31:28] EDIT indep_ajax/controllers/default.py: 0
[2014-10-06 17:33:56] EDIT indep_ajax/controllers/default.py: 0
[2014-10-06 17:34:11] EDIT indep_ajax/views/default/edit_case.html: 0
[2014-10-06 17:34:16] EDIT indep_ajax/controllers/default.py: 0
[2014-10-06 17:34:21] EDIT indep_ajax/controllers/default.py: 0
[2014-10-06 17:34:25] EDIT indep_ajax/views/default/edit_action.html: 0
[2014-10-06 17:36:37] EDIT indep_ajax/controllers/default.py: 0
[2014-10-06 17:40:21] EDIT indep_ajax/controllers/default.py: 0
[2014-10-06 17:52:47] EDIT indep_ajax/controllers/default.py: 3
[2014-10-06 17:53:17] EDIT indep_ajax/views/default/edit_action.html: 0
[2014-10-06 17:54:29] EDIT indep_ajax/views/default/edit_action.html: 0
[2014-10-06 17:55:08] EDIT indep_ajax/views/default/edit_action.html: 0
[2014-10-06 17:56:04] EDIT indep_ajax/views/default/edit_action.html: 0
[2014-10-06 18:23:54] EDIT indep_ajax/views/default/index.html: 0
[2014-10-06 18:25:03] EDIT indep_ajax/controllers/default.py: 0
[2014-10-06 18:25:30] EDIT indep_ajax/controllers/default.py: 0
[2014-10-06 18:26:07] EDIT indep_ajax/controllers/default.py: 0
[2014-10-06 18:29:27] EDIT indep_ajax/controllers/default.py: 0
[2014-10-06 18:29:49] EDIT indep_ajax/controllers/default.py: 0
[2014-10-06 18:30:46] EDIT indep_ajax/controllers/default.py: 0
[2014-10-06 18:31:30] EDIT indep_ajax/controllers/default.py: 0
[2014-10-06 18:32:08] EDIT indep_ajax/controllers/default.py: 0
[2014-10-06 18:32:35] EDIT indep_ajax/controllers/default.py: 0
[2014-10-06 18:33:30] EDIT indep_ajax/controllers/default.py: 0
[2014-10-06 18:34:39] EDIT indep_ajax/controllers/default.py: 0
[2014-10-06 18:35:01] EDIT indep_ajax/controllers/default.py: 0
[2014-10-06 18:35:37] EDIT indep_ajax/controllers/default.py: 0
[2014-10-06 18:38:06] EDIT indep_ajax/controllers/default.py: 0
[2014-10-06 18:48:45] EDIT indep_ajax/controllers/default.py: 1
[2014-10-06 18:50:22] EDIT indep_ajax/controllers/default.py: 2
[2014-10-06 18:54:15] EDIT indep_ajax/controllers/default.py: 2
[2014-10-06 18:56:09] EDIT indep_ajax/controllers/default.py: 0
[2014-10-06 18:57:12] EDIT indep_ajax/controllers/default.py: 0
[2014-10-06 19:36:39] CREATE reports/cases.py: 0
[2014-10-06 19:37:32] DELETE indep_ajax/controllers/reports/cases.py: -1
[2014-10-06 19:37:50] CREATE reports.py: 0
[2014-10-06 19:38:39] CREATE reports/cases.html: 0
[2014-10-06 19:39:38] EDIT indep_ajax/controllers/reports.py: 2
[2014-10-06 19:39:46] EDIT indep_ajax/controllers/reports.py: 0
[2014-10-06 19:40:59] EDIT indep_ajax/controllers/reports.py: 1
[2014-10-06 19:45:03] EDIT indep_ajax/controllers/reports.py: 36
[2014-10-06 19:45:16] EDIT indep_ajax/controllers/reports.py: 0
[2014-10-06 19:45:26] EDIT indep_ajax/controllers/reports.py: 0
[2014-10-06 19:49:54] EDIT indep_ajax/controllers/reports.py: 0
[2014-10-06 19:51:02] EDIT indep_ajax/controllers/reports.py: 0
[2014-10-06 20:04:24] EDIT indep_ajax/controllers/reports.py: 5
[2014-10-06 20:04:40] EDIT indep_ajax/controllers/reports.py: 0
[2014-10-06 20:06:03] EDIT indep_ajax/controllers/reports.py: 0
[2014-10-06 20:07:54] EDIT indep_ajax/controllers/reports.py: 0
[2014-10-06 20:08:37] EDIT indep_ajax/controllers/reports.py: 0
[2014-10-06 20:21:45] EDIT indep_ajax/controllers/reports.py: 0
[2014-10-06 20:23:00] EDIT indep_ajax/controllers/reports.py: 0
[2014-10-06 20:24:15] EDIT indep_ajax/controllers/reports.py: 0
[2014-10-06 20:26:51] EDIT indep_ajax/controllers/reports.py: 0
[2014-10-06 20:33:41] EDIT indep_ajax/controllers/reports.py: 0
[2014-10-06 20:34:31] EDIT indep_ajax/controllers/reports.py: 0
[2014-10-06 20:35:07] EDIT indep_ajax/controllers/reports.py: 0
[2014-10-06 20:35:44] EDIT indep_ajax/controllers/reports.py: 0
[2014-10-06 20:37:27] EDIT indep_ajax/controllers/reports.py: 0
[2014-10-06 20:38:25] EDIT indep_ajax/controllers/reports.py: 0
[2014-10-06 20:39:53] EDIT indep_ajax/controllers/reports.py: 0
[2014-10-06 20:40:30] EDIT indep_ajax/controllers/reports.py: 0
[2014-10-06 20:42:02] EDIT indep_ajax/controllers/reports.py: 0
[2014-10-06 20:42:32] EDIT indep_ajax/controllers/reports.py: 0
[2014-10-06 20:42:41] EDIT indep_ajax/controllers/reports.py: 0
[2014-10-06 21:00:13] EDIT indep_ajax/controllers/reports.py: 0
[2014-10-06 21:16:29] EDIT indep_ajax/controllers/reports.py: 0
[2014-10-06 21:18:44] EDIT indep_ajax/controllers/reports.py: 0
[2014-10-06 21:20:35] EDIT indep_ajax/controllers/reports.py: 0
[2014-10-07 18:08:55] EDIT indep_ajax/controllers/reports.py: 0
[2014-10-07 18:12:45] EDIT indep_ajax/controllers/reports.py: 3
[2014-10-07 18:12:54] EDIT indep_ajax/controllers/reports.py: 0
[2014-10-07 18:14:47] CREATE reports/case_csv.csv: 0
[2014-10-07 18:15:30] EDIT indep_ajax/views/reports/case_csv.csv: 7
[2014-10-07 18:18:29] CREATE reports/case_rpt.csv: 0
[2014-10-07 18:18:41] EDIT indep_ajax/views/reports/case_rpt.csv: 7
[2014-10-07 18:31:15] EDIT indep_ajax/controllers/reports.py: 9
[2014-10-07 20:46:12] EDIT indep_ajax/controllers/reports.py: 2
[2014-10-07 20:48:13] EDIT indep_ajax/controllers/reports.py: 0
[2014-10-07 20:49:47] EDIT indep_ajax/controllers/reports.py: 2
[2014-10-07 20:50:13] EDIT indep_ajax/controllers/reports.py: 0
[2014-10-07 20:50:25] EDIT indep_ajax/controllers/reports.py: 0
[2014-10-07 20:51:17] EDIT indep_ajax/controllers/reports.py: 0
[2014-10-07 20:51:21] EDIT indep_ajax/controllers/reports.py: 0
[2014-10-07 20:58:58] EDIT indep_ajax/controllers/reports.py: 4
[2014-10-07 20:59:03] EDIT indep_ajax/controllers/reports.py: 0
[2014-10-07 20:59:45] EDIT indep_ajax/controllers/reports.py: 0
[2014-10-07 21:01:34] EDIT indep_ajax/controllers/reports.py: 0
[2014-10-07 21:04:03] EDIT indep_ajax/controllers/reports.py: 0
[2014-10-07 21:06:28] EDIT indep_ajax/controllers/reports.py: 0
[2014-10-07 21:06:44] EDIT indep_ajax/controllers/reports.py: 0
[2014-10-07 21:07:33] EDIT indep_ajax/controllers/reports.py: 0
[2014-10-07 21:08:01] EDIT indep_ajax/controllers/reports.py: 0
[2014-10-07 21:09:10] EDIT indep_ajax/controllers/reports.py: 0
[2014-10-07 21:10:14] EDIT indep_ajax/controllers/reports.py: 0
[2014-10-07 21:18:59] EDIT indep_ajax/controllers/reports.py: 3
[2014-10-07 21:19:27] EDIT indep_ajax/controllers/reports.py: 0
[2014-10-07 21:21:07] EDIT indep_ajax/controllers/reports.py: 0
[2014-10-07 21:21:39] EDIT indep_ajax/controllers/reports.py: 0
[2014-10-07 22:19:49] EDIT indep_ajax/controllers/reports.py: 0
[2014-10-07 22:21:09] EDIT indep_ajax/controllers/reports.py: 0
[2014-10-07 22:21:28] EDIT indep_ajax/controllers/reports.py: 0
[2014-10-07 22:43:57] EDIT indep_ajax/controllers/reports.py: 2
[2014-10-07 22:44:48] EDIT indep_ajax/controllers/reports.py: 0
[2014-10-07 22:45:29] EDIT indep_ajax/controllers/reports.py: 0
[2014-10-08 17:14:00] EDIT indep_ajax/controllers/reports.py: 0
[2014-10-08 17:14:36] EDIT indep_ajax/controllers/reports.py: 0
[2014-10-08 17:15:05] EDIT indep_ajax/controllers/reports.py: 0
[2014-10-08 17:20:25] EDIT indep_ajax/controllers/reports.py: 0
[2014-10-08 17:28:21] EDIT indep_ajax/controllers/reports.py: 0
[2014-10-08 17:29:45] EDIT indep_ajax/controllers/reports.py: 0
[2014-10-08 17:29:55] EDIT indep_ajax/controllers/reports.py: 0
[2014-10-08 17:30:25] EDIT indep_ajax/controllers/reports.py: 1
[2014-10-08 17:31:38] EDIT indep_ajax/controllers/reports.py: 0
[2014-10-08 17:32:13] EDIT indep_ajax/controllers/reports.py: 0
[2014-10-08 17:32:34] EDIT indep_ajax/controllers/reports.py: 0
[2014-10-08 17:32:51] EDIT indep_ajax/controllers/reports.py: 0
[2014-10-08 17:34:20] EDIT indep_ajax/controllers/reports.py: 0
[2014-10-08 17:35:06] EDIT indep_ajax/controllers/reports.py: 0
[2014-10-08 17:35:28] EDIT indep_ajax/controllers/reports.py: 0
[2014-10-08 17:36:32] EDIT indep_ajax/controllers/reports.py: 0
[2014-10-08 17:36:35] EDIT indep_ajax/controllers/reports.py: 0
[2014-10-08 17:37:22] EDIT indep_ajax/controllers/reports.py: 0
[2014-10-08 17:37:51] EDIT indep_ajax/controllers/reports.py: 0
[2014-10-08 17:40:56] EDIT indep_ajax/controllers/reports.py: -2
[2014-10-08 17:43:19] EDIT indep_ajax/controllers/reports.py: 0
[2014-10-08 17:45:56] EDIT indep_ajax/controllers/reports.py: 0
[2014-10-08 17:51:27] EDIT indep_ajax/controllers/reports.py: 0
[2014-10-08 17:56:53] EDIT indep_ajax/controllers/reports.py: 0
[2014-10-08 18:05:04] EDIT indep_ajax/controllers/reports.py: 0
[2014-10-08 18:05:15] EDIT indep_ajax/controllers/reports.py: 0
[2014-10-08 18:06:44] EDIT indep_ajax/controllers/reports.py: 0
[2014-10-08 18:07:08] EDIT indep_ajax/controllers/reports.py: 0
[2014-10-08 18:07:34] EDIT indep_ajax/controllers/reports.py: 0
[2014-10-08 18:09:09] EDIT indep_ajax/controllers/reports.py: 0
[2014-10-08 18:09:56] EDIT indep_ajax/controllers/reports.py: 0
[2014-10-08 18:12:36] EDIT indep_ajax/controllers/reports.py: 2
[2014-10-08 18:12:46] EDIT indep_ajax/controllers/reports.py: 0
[2014-10-08 18:13:51] EDIT indep_ajax/controllers/reports.py: 0
[2014-10-08 18:39:14] EDIT indep_ajax/controllers/reports.py: 0
[2014-10-08 18:42:14] EDIT indep_ajax/controllers/reports.py: 0
[2014-10-08 18:47:24] EDIT indep_ajax/controllers/reports.py: 1
[2014-10-08 18:51:37] EDIT indep_ajax/controllers/reports.py: 1
[2014-10-08 18:52:02] EDIT indep_ajax/controllers/reports.py: 0
[2014-10-08 18:52:34] EDIT indep_ajax/controllers/reports.py: 0
[2014-10-08 18:53:29] EDIT indep_ajax/controllers/reports.py: 0
[2014-10-08 18:56:26] EDIT indep_ajax/controllers/reports.py: 2
[2014-10-08 18:58:51] EDIT indep_ajax/controllers/reports.py: 0
[2014-10-08 18:59:55] EDIT indep_ajax/controllers/reports.py: 0
[2014-10-08 19:00:45] EDIT indep_ajax/controllers/reports.py: 0
[2014-10-08 19:01:42] EDIT indep_ajax/controllers/reports.py: 0
[2014-10-08 19:02:36] EDIT indep_ajax/controllers/reports.py: 0
[2014-10-08 19:03:23] EDIT indep_ajax/controllers/reports.py: 0
[2014-10-08 19:03:51] EDIT indep_ajax/controllers/reports.py: 0
[2014-10-08 19:04:53] EDIT indep_ajax/controllers/reports.py: 0
[2014-10-08 19:05:55] EDIT indep_ajax/controllers/reports.py: 0
[2014-10-08 19:06:24] EDIT indep_ajax/controllers/reports.py: 0
[2014-10-08 19:07:45] EDIT indep_ajax/controllers/reports.py: 0
[2014-10-08 19:10:13] EDIT indep_ajax/controllers/reports.py: 0
[2014-10-08 19:55:39] EDIT indep_ajax/controllers/reports.py: -2
[2014-10-08 19:58:52] EDIT indep_ajax/controllers/reports.py: 0
[2014-10-08 19:59:32] EDIT indep_ajax/controllers/reports.py: 0
[2014-10-08 20:02:39] EDIT indep_ajax/controllers/reports.py: 2
[2014-10-08 20:03:10] EDIT indep_ajax/controllers/reports.py: 0
[2014-10-08 20:07:03] EDIT indep_ajax/controllers/reports.py: 3
[2014-10-08 20:09:43] EDIT indep_ajax/controllers/reports.py: 0
[2014-10-08 20:10:21] EDIT indep_ajax/controllers/reports.py: 0
[2014-10-08 20:12:53] EDIT indep_ajax/controllers/reports.py: 1
[2014-10-08 20:14:34] EDIT indep_ajax/controllers/reports.py: 3
[2014-10-08 20:22:39] EDIT indep_ajax/controllers/reports.py: -1
[2014-10-08 20:23:16] EDIT indep_ajax/controllers/reports.py: -2
[2014-10-08 20:25:00] EDIT indep_ajax/controllers/reports.py: 0
[2014-10-08 20:28:58] CREATE reports/cases_pdf.html: 0
[2014-10-08 20:29:27] EDIT indep_ajax/views/reports/cases_pdf.html: 0
[2014-10-08 20:36:46] EDIT indep_ajax/controllers/reports.py: 0
[2014-10-08 20:37:53] EDIT indep_ajax/controllers/reports.py: 1
[2014-10-08 20:39:28] EDIT indep_ajax/controllers/reports.py: -1
[2014-10-08 20:44:27] EDIT indep_ajax/controllers/reports.py: 2
[2014-10-08 20:44:37] EDIT indep_ajax/controllers/reports.py: 0
[2014-10-08 20:44:42] EDIT indep_ajax/controllers/reports.py: 0
[2014-10-08 20:45:10] EDIT indep_ajax/controllers/reports.py: 0
[2014-10-08 21:14:32] EDIT indep_ajax/controllers/reports.py: 0
[2014-10-08 21:15:13] EDIT indep_ajax/controllers/reports.py: 0
[2014-10-08 21:15:44] EDIT indep_ajax/controllers/reports.py: 0
[2014-10-08 21:18:25] EDIT indep_ajax/controllers/reports.py: 0
[2014-10-08 21:19:19] EDIT indep_ajax/controllers/reports.py: 0
[2014-10-08 21:21:58] EDIT indep_ajax/controllers/reports.py: 0
[2014-10-08 21:25:51] EDIT indep_ajax/controllers/reports.py: 0
[2014-10-08 21:26:42] EDIT indep_ajax/controllers/reports.py: 0
[2014-10-08 21:28:52] EDIT indep_ajax/controllers/reports.py: 0
[2014-10-08 21:29:03] EDIT indep_ajax/controllers/reports.py: 0
[2014-10-08 21:29:18] EDIT indep_ajax/controllers/reports.py: 0
[2014-10-08 21:34:28] EDIT indep_ajax/controllers/reports.py: 1
[2014-10-08 21:41:24] EDIT indep_ajax/controllers/reports.py: 1
[2014-10-08 21:42:09] EDIT indep_ajax/controllers/reports.py: -6
[2014-10-08 21:45:35] EDIT indep_ajax/controllers/reports.py: 1
[2014-10-08 21:48:42] EDIT indep_ajax/controllers/reports.py: 0
[2014-10-08 21:49:01] EDIT indep_ajax/controllers/reports.py: 0
[2014-10-08 21:50:59] EDIT indep_ajax/controllers/reports.py: 0
[2014-10-08 21:52:04] EDIT indep_ajax/controllers/reports.py: 0
[2014-10-08 21:52:36] EDIT indep_ajax/controllers/reports.py: 0
[2014-10-08 21:53:23] EDIT indep_ajax/controllers/reports.py: 0
[2014-10-08 21:54:29] EDIT indep_ajax/controllers/reports.py: 0
[2014-10-08 21:55:35] EDIT indep_ajax/controllers/reports.py: 0
[2014-10-08 21:56:26] EDIT indep_ajax/controllers/reports.py: 0
[2014-10-09 19:05:31] EDIT indep_ajax/controllers/reports.py: 0
[2014-10-09 19:07:09] EDIT indep_ajax/controllers/reports.py: 0
[2014-10-09 19:11:20] EDIT indep_ajax/controllers/reports.py: 0
[2014-10-12 14:23:39] EDIT indep_ajax/controllers/reports.py: 0
[2014-10-12 14:28:12] EDIT indep_ajax/controllers/reports.py: 0
[2014-10-12 14:38:35] EDIT indep_ajax/controllers/reports.py: 0
[2014-10-12 14:54:52] EDIT indep_ajax/controllers/reports.py: 0
[2014-10-12 14:56:09] EDIT indep_ajax/controllers/reports.py: 0
[2014-10-12 18:05:10] EDIT indep_ajax/controllers/reports.py: 0
[2014-10-12 18:05:12] EDIT indep_ajax/controllers/reports.py: 0
[2014-10-13 16:22:47] EDIT indep_ajax/controllers/reports.py: 4
[2014-10-13 16:35:34] EDIT indep_ajax/controllers/reports.py: 2
[2014-10-13 16:52:37] EDIT indep_ajax/controllers/reports.py: 0
[2014-10-13 17:18:11] EDIT indep_ajax/controllers/reports.py: 0
[2014-10-13 17:18:42] EDIT indep_ajax/controllers/reports.py: 0
[2014-10-13 17:42:09] EDIT indep_ajax/controllers/reports.py: 1
[2014-10-13 17:44:06] EDIT indep_ajax/controllers/reports.py: 1
[2014-10-13 17:46:59] EDIT indep_ajax/controllers/reports.py: 0
[2014-10-13 20:46:08] EDIT indep_ajax/controllers/reports.py: 3
[2014-10-13 20:46:32] EDIT indep_ajax/controllers/reports.py: 0
[2014-10-13 20:47:33] CREATE reports/action_rpt.html: 0
[2014-10-13 21:32:52] EDIT indep_ajax/controllers/reports.py: 2
[2014-10-13 21:33:13] EDIT indep_ajax/views/reports/action_rpt.html: 1
[2014-10-13 21:54:04] EDIT indep_ajax/controllers/reports.py: 0
[2014-10-13 21:55:48] EDIT indep_ajax/controllers/reports.py: 0
[2014-10-13 21:56:26] EDIT indep_ajax/controllers/reports.py: 0
[2014-10-13 22:29:59] EDIT indep_ajax/controllers/reports.py: 1
[2014-10-13 22:38:44] EDIT indep_ajax/controllers/reports.py: 6
[2014-10-13 22:39:50] EDIT indep_ajax/controllers/reports.py: 0
[2014-10-13 22:40:37] EDIT indep_ajax/controllers/reports.py: 0
[2014-10-13 22:41:49] EDIT indep_ajax/controllers/reports.py: 0
[2014-10-13 22:42:18] EDIT indep_ajax/controllers/reports.py: 0
[2014-10-13 23:01:16] EDIT indep_ajax/controllers/reports.py: 1
[2014-10-13 23:02:10] EDIT indep_ajax/controllers/reports.py: 2
[2014-10-13 23:03:05] CREATE reports/action_display.html: 0
[2014-10-13 23:04:09] EDIT indep_ajax/controllers/reports.py: 1
[2014-10-13 23:07:08] EDIT indep_ajax/controllers/reports.py: 0
[2014-10-13 23:07:59] EDIT indep_ajax/controllers/reports.py: 0
[2014-10-13 23:14:09] EDIT indep_ajax/controllers/reports.py: 1
[2014-10-13 23:15:54] EDIT indep_ajax/controllers/reports.py: 0
[2014-10-13 23:16:53] EDIT indep_ajax/controllers/reports.py: 0
[2014-10-13 23:17:44] EDIT indep_ajax/controllers/reports.py: 0
[2014-10-13 23:18:38] EDIT indep_ajax/controllers/reports.py: 0
[2014-10-13 23:20:16] EDIT indep_ajax/controllers/reports.py: 0
[2014-10-14 16:10:47] EDIT indep_ajax/controllers/reports.py: 0
[2014-10-14 16:12:09] EDIT indep_ajax/controllers/reports.py: 0
[2014-10-14 16:12:57] EDIT indep_ajax/controllers/reports.py: 1
[2014-10-14 16:13:26] EDIT indep_ajax/controllers/reports.py: 1
[2014-10-14 16:15:24] EDIT indep_ajax/controllers/reports.py: 0
[2014-10-14 16:42:21] EDIT indep_ajax/controllers/reports.py: 0
[2014-10-14 16:43:16] EDIT indep_ajax/controllers/reports.py: 0
[2014-10-14 16:45:18] EDIT indep_ajax/controllers/reports.py: 0
[2014-10-14 16:46:28] EDIT indep_ajax/controllers/reports.py: 1
[2014-10-14 16:46:54] EDIT indep_ajax/controllers/reports.py: 0
[2014-10-14 16:48:50] EDIT indep_ajax/controllers/reports.py: 1
[2014-10-14 16:49:18] EDIT indep_ajax/controllers/reports.py: 0
[2014-10-14 16:49:51] EDIT indep_ajax/controllers/reports.py: 0
[2014-10-14 16:50:27] EDIT indep_ajax/controllers/reports.py: 0
[2014-10-14 16:50:48] EDIT indep_ajax/controllers/reports.py: 0
[2014-10-14 16:51:42] EDIT indep_ajax/controllers/reports.py: 0
[2014-10-14 16:53:19] EDIT indep_ajax/controllers/reports.py: 0
[2014-10-14 16:54:14] EDIT indep_ajax/controllers/reports.py: 0
[2014-10-14 16:55:23] EDIT indep_ajax/controllers/reports.py: 1
[2014-10-14 16:56:32] EDIT indep_ajax/controllers/reports.py: 0
[2014-10-14 16:56:46] EDIT indep_ajax/controllers/reports.py: 0
[2014-10-14 16:58:02] EDIT indep_ajax/controllers/reports.py: 0
[2014-10-14 18:15:50] EDIT indep_ajax/controllers/reports.py: 0
[2014-10-14 18:18:56] EDIT indep_ajax/controllers/reports.py: 4
[2014-10-14 18:30:02] EDIT indep_ajax/views/reports/action_display.html: 4
[2014-10-14 18:30:55] EDIT indep_ajax/views/reports/action_display.html: 0
[2014-10-14 18:31:25] EDIT indep_ajax/views/reports/action_display.html: 0
[2014-10-14 18:32:43] EDIT indep_ajax/views/reports/action_display.html: 0
[2014-10-14 18:34:44] EDIT indep_ajax/controllers/reports.py: 0
[2014-10-14 19:16:41] EDIT indep_ajax/views/reports/action_display.html: 1
[2014-10-14 19:19:20] EDIT indep_ajax/views/reports/action_display.html: 3
[2014-10-14 19:19:59] EDIT indep_ajax/views/reports/action_display.html: 0
[2014-10-14 19:20:28] EDIT indep_ajax/views/reports/action_display.html: 0
[2014-10-14 19:22:10] EDIT indep_ajax/views/reports/action_display.html: 2
[2014-10-14 19:22:42] EDIT indep_ajax/views/reports/action_display.html: 0
[2014-10-14 19:24:26] EDIT indep_ajax/views/reports/action_display.html: 0
[2014-10-14 19:24:36] EDIT indep_ajax/views/reports/action_display.html: 0
[2014-10-14 21:15:23] EDIT indep_ajax/models/menu.py: 1
[2014-10-14 21:31:03] EDIT indep_ajax/views/reports/action_display.html: 4
[2014-10-14 21:33:03] EDIT indep_ajax/views/reports/action_display.html: 1
[2014-10-14 21:33:42] EDIT indep_ajax/views/reports/action_display.html: 0
[2014-10-14 21:34:46] EDIT indep_ajax/views/reports/action_display.html: 1
[2014-10-14 21:35:29] EDIT indep_ajax/views/reports/action_display.html: 0
[2014-10-14 21:35:59] EDIT indep_ajax/views/reports/action_display.html: 0
[2014-10-14 21:36:23] EDIT indep_ajax/views/reports/action_display.html: 0
[2014-10-14 21:36:57] EDIT indep_ajax/views/reports/action_display.html: 0
[2014-10-14 21:40:44] EDIT indep_ajax/controllers/reports.py: 1
[2014-10-14 21:41:38] EDIT indep_ajax/controllers/reports.py: 1
[2014-10-14 21:42:54] EDIT indep_ajax/views/reports/action_rpt.html: -1
[2014-10-14 21:44:16] EDIT indep_ajax/controllers/reports.py: 0
[2014-10-14 21:45:35] EDIT indep_ajax/controllers/reports.py: 0
[2014-10-14 21:45:59] EDIT indep_ajax/controllers/reports.py: 0
[2014-10-14 21:49:09] EDIT indep_ajax/views/reports/action_display.html: 1
[2014-10-14 21:57:12] EDIT indep_ajax/controllers/default.py: 3
[2014-10-14 21:57:19] EDIT indep_ajax/controllers/default.py: 0
[2014-10-14 21:58:09] EDIT indep_ajax/views/default/index.html: 0
[2014-10-14 22:02:14] EDIT indep_ajax/views/default/index.html: 1
[2014-10-14 22:03:50] EDIT indep_ajax/views/default/index.html: 0
[2014-10-14 22:04:30] EDIT indep_ajax/views/default/index.html: 0
[2014-10-14 22:08:28] EDIT indep_ajax/views/default/index.html: 1
[2014-10-14 22:08:52] EDIT indep_ajax/views/default/index.html: 0
[2014-10-14 22:09:44] EDIT indep_ajax/views/default/index.html: 0
[2014-10-14 22:10:31] EDIT indep_ajax/views/default/index.html: 0
[2014-10-14 22:12:56] EDIT indep_ajax/views/default/index.html: 2
[2014-10-14 22:13:36] EDIT indep_ajax/views/default/index.html: 0
[2014-10-14 22:14:22] EDIT indep_ajax/views/default/index.html: 0
[2014-10-14 22:15:11] EDIT indep_ajax/views/default/index.html: 0
[2014-10-21 22:46:38] EDIT indep_ajax/views/default/index.html: 1
[2014-10-21 22:47:53] EDIT indep_ajax/views/default/index.html: 0
[2014-10-21 22:49:38] EDIT indep_ajax/views/default/index.html: 0
[2014-10-21 22:50:23] EDIT indep_ajax/views/default/index.html: 0
[2014-10-21 22:50:52] EDIT indep_ajax/views/default/index.html: 0
[2014-10-21 22:51:23] EDIT indep_ajax/views/default/index.html: 0
[2014-10-21 22:52:27] EDIT indep_ajax/views/default/index.html: 0
[2014-10-21 22:52:58] EDIT indep_ajax/views/default/index.html: 0
[2014-10-21 22:59:12] EDIT indep_ajax/views/default/index.html: 0
[2014-10-21 22:59:47] EDIT indep_ajax/views/default/index.html: 0
[2014-10-21 23:00:42] EDIT indep_ajax/controllers/reports.py: 0
[2014-10-29 07:45:18] EDIT indep/models/db.py: 0
[2014-10-29 07:45:45] EDIT indep/models/db.py: 3
[2014-10-29 07:46:46] EDIT indep/models/db.py: 0
[2014-10-29 08:10:28] EDIT indep/models/db.py: 1
[2014-10-29 08:14:09] CREATE akey.py: 0
[2014-10-29 08:14:21] DELETE indep/private/akey.py: 0
[2014-10-29 08:14:37] CREATE akey.py: 0
[2014-10-29 08:15:48] EDIT indep/modules/akey.py: 3
[2014-10-29 08:19:06] EDIT indep/models/db.py: 2
[2014-10-29 10:13:39] EDIT indep/models/db1.py: 2
[2014-10-29 10:33:08] EDIT indep/models/db.py: 0
[2014-10-29 11:19:43] EDIT indep/models/db.py: 0
[2014-10-29 13:46:25] EDIT indep/controllers/default.py: 3
[2014-10-29 13:48:39] EDIT indep/controllers/default.py: 0
[2014-10-29 13:51:37] EDIT indep/controllers/default.py: 0
[2014-10-29 13:53:23] EDIT indep/controllers/default.py: 0
[2014-10-29 13:55:02] CREATE default/load__db_members.html: 0
[2014-10-29 13:57:17] DELETE indep/views/default/load__db_members.html: -3
[2014-10-29 13:57:46] CREATE default/load_db_members.html: 0
[2014-10-29 13:58:36] EDIT indep/controllers/default.py: 0
[2014-10-29 14:00:56] EDIT indep/models/db1.py: 10
[2014-10-29 14:05:24] EDIT indep/controllers/default.py: 0
[2014-10-29 14:05:47] EDIT indep/controllers/default.py: 0
[2014-10-29 14:08:58] EDIT indep/controllers/default.py: 0
[2014-10-29 14:09:27] EDIT indep/controllers/default.py: 0
[2014-10-29 14:10:46] EDIT indep/controllers/default.py: 0
[2014-10-29 14:21:20] EDIT indep/models/db1.py: 4
[2014-10-29 14:25:41] EDIT indep/models/db1.py: -2
[2014-10-29 14:28:29] EDIT indep/models/db1.py: 0
[2014-10-29 14:34:23] EDIT indep/controllers/default.py: 8
[2014-10-29 14:41:52] EDIT indep/controllers/default.py: 0
[2014-10-29 14:43:54] EDIT indep/controllers/default.py: 1
[2014-11-03 07:55:04] EDIT indep/controllers/default.py: 0
[2014-11-03 08:00:23] EDIT indep/models/db.py: 1
[2014-11-03 08:01:29] EDIT indep/models/db.py: -1
[2014-11-03 08:04:49] EDIT indep/models/db.py: 0
[2014-11-03 08:05:51] EDIT indep/models/db.py: 0
[2014-11-03 08:09:59] EDIT indep/models/db.py: 1
[2014-11-03 08:12:38] EDIT indep/models/db.py: 0
[2014-11-03 08:33:48] EDIT indep/models/db.py: 0
[2014-11-03 08:34:35] EDIT indep/models/db.py: -1
[2014-11-03 08:37:54] EDIT indep/models/db1.py: 1
[2014-11-03 08:38:51] EDIT indep/models/db1.py: 2
[2014-11-03 08:41:13] EDIT indep/models/db.py: 1
[2014-11-03 08:47:00] EDIT indep/models/db.py: 0
[2014-11-03 08:55:05] EDIT indep/models/db.py: 0
[2014-11-03 09:23:15] EDIT indep/controllers/default.py: 1
[2014-11-03 09:23:34] EDIT indep/controllers/default.py: -1
[2014-11-03 09:25:40] EDIT indep/controllers/default.py: 2
[2014-11-03 09:29:17] EDIT indep/controllers/default.py: 0
[2014-11-03 09:29:58] EDIT indep/controllers/default.py: 1
[2014-11-03 10:51:46] EDIT indep/controllers/reports.py: -12
[2014-11-03 10:52:42] EDIT indep/controllers/reports.py: -2
[2014-11-03 11:16:04] EDIT indep/controllers/reports.py: 0
[2014-11-03 11:30:39] EDIT indep/controllers/reports.py: 2
[2014-11-03 11:33:15] EDIT indep/controllers/reports.py: 2
[2014-11-03 11:33:52] EDIT indep/controllers/reports.py: 0
[2014-11-03 11:34:37] EDIT indep/controllers/reports.py: 1
[2014-11-03 11:36:03] EDIT indep/controllers/reports.py: 1
[2014-11-03 11:36:23] EDIT indep/controllers/reports.py: 0
[2014-11-03 11:36:41] EDIT indep/controllers/reports.py: 0
[2014-11-03 11:37:17] EDIT indep/controllers/reports.py: 0
[2014-11-03 11:38:24] EDIT indep/controllers/reports.py: 1
[2014-11-03 11:39:48] EDIT indep/controllers/reports.py: 0
[2014-11-03 11:40:15] EDIT indep/controllers/reports.py: 0
[2014-11-03 11:41:56] EDIT indep/controllers/reports.py: 0
[2014-11-03 11:42:48] EDIT indep/controllers/reports.py: 0
[2014-11-03 11:52:38] EDIT indep/controllers/reports.py: -19
[2014-11-03 11:53:14] EDIT indep/controllers/reports.py: -1
[2014-11-03 11:54:20] EDIT indep/controllers/reports.py: 0
[2014-11-03 11:54:54] EDIT indep/controllers/reports.py: 0
[2014-11-03 11:55:17] EDIT indep/controllers/reports.py: 0
[2014-11-03 11:55:54] EDIT indep/controllers/reports.py: 0
[2014-11-03 11:56:48] EDIT indep/controllers/reports.py: 1
[2014-11-03 12:01:06] EDIT indep/controllers/reports.py: 0
[2014-11-03 12:01:47] EDIT indep/controllers/reports.py: 0
[2014-11-03 12:02:09] EDIT indep/controllers/reports.py: 0
[2014-11-03 12:02:41] EDIT indep/controllers/reports.py: 0
[2014-11-03 12:04:55] EDIT indep/controllers/reports.py: 0
[2014-11-03 12:07:25] EDIT indep/controllers/reports.py: 0
[2014-11-03 12:08:00] EDIT indep/controllers/reports.py: -1
[2014-11-03 12:13:06] EDIT indep/controllers/reports.py: 4
[2014-11-03 12:13:29] EDIT indep/controllers/reports.py: 0
[2014-11-03 12:15:02] EDIT indep/controllers/reports.py: 1
[2014-11-03 12:17:54] EDIT indep/controllers/reports.py: 2
[2014-11-03 12:18:47] EDIT indep/controllers/reports.py: 0
[2014-11-03 12:19:23] EDIT indep/controllers/reports.py: 1
[2014-11-03 12:21:42] EDIT indep/controllers/reports.py: 0
[2014-11-03 12:22:18] EDIT indep/controllers/reports.py: 0
[2014-11-03 12:22:40] EDIT indep/controllers/reports.py: 0
[2014-11-03 12:25:21] EDIT indep/controllers/reports.py: 2
[2014-11-03 12:26:50] EDIT indep/controllers/reports.py: 0
[2014-11-03 14:08:04] EDIT indep/controllers/reports.py: -4
[2014-11-03 14:08:54] EDIT indep/controllers/reports.py: 0
[2014-11-03 14:09:41] EDIT indep/controllers/reports.py: 0
[2014-11-04 07:03:52] EDIT indep/models/db1.py: 1
[2014-11-04 07:05:28] EDIT indep/models/db1.py: 0
[2014-11-04 07:09:25] EDIT indep/models/db1.py: 0
[2014-11-04 07:14:01] EDIT indep/models/db.py: 0
[2014-11-04 07:15:29] EDIT indep/models/db1.py: 0
[2014-11-04 07:17:33] EDIT indep/models/db1.py: 3
[2014-11-04 07:18:04] EDIT indep/models/db1.py: 0
[2014-11-04 07:18:54] EDIT indep/models/db1.py: 0
[2014-11-04 07:21:42] EDIT indep/models/db1.py: 0
[2014-11-04 07:22:05] EDIT indep/models/db1.py: 0
[2014-11-04 07:26:49] EDIT indep/models/db1.py: 0
[2014-11-04 07:29:21] EDIT indep/models/db1.py: 0
[2014-11-04 07:30:04] EDIT indep/models/db1.py: -2
[2014-11-04 07:30:37] EDIT indep/models/db1.py: 1
[2014-11-04 07:37:46] EDIT indep/models/db1.py: 0
[2014-11-04 07:38:03] EDIT indep/models/db1.py: 0
[2014-11-04 07:38:56] EDIT indep/models/db1.py: 2
[2014-11-04 07:39:24] EDIT indep/models/db1.py: 0
[2014-11-04 07:40:33] EDIT indep/models/db1.py: -1
[2014-11-04 07:40:51] EDIT indep/models/db1.py: -1
[2014-11-04 07:50:32] EDIT indep/models/db1.py: 0
[2014-11-04 08:00:54] EDIT indep/models/db1.py: 0
[2014-11-04 08:01:17] EDIT indep/models/db1.py: 1
[2014-11-04 08:05:16] EDIT indep/models/db1.py: -2
[2014-11-04 08:06:01] EDIT indep/models/db1.py: 1
[2014-11-04 08:20:06] EDIT indep/models/db1.py: 1
[2014-11-04 08:49:33] EDIT indep/controllers/default.py: 1
[2014-11-04 08:50:23] EDIT indep/controllers/default.py: 0
[2014-11-04 08:51:06] EDIT indep/controllers/default.py: 0
[2014-11-04 08:52:21] EDIT indep/controllers/default.py: 0
[2014-11-04 09:02:20] EDIT indep/controllers/default.py: 0
[2014-11-04 09:03:00] EDIT indep/controllers/default.py: 0
[2014-11-04 09:04:33] EDIT indep/controllers/default.py: 1
[2014-11-04 09:11:45] EDIT indep/controllers/default.py: 1
[2014-11-04 09:15:47] EDIT indep/controllers/default.py: 0
[2014-11-04 09:16:46] EDIT indep/controllers/default.py: 0
[2014-11-04 10:02:23] EDIT indep/controllers/default.py: 3
[2014-11-04 10:02:43] EDIT indep/controllers/default.py: 0
[2014-11-04 10:19:41] EDIT indep/controllers/reports.py: 1
[2014-11-04 10:20:39] EDIT indep/controllers/reports.py: 0
[2014-11-04 10:23:54] EDIT indep/controllers/reports.py: 0
[2014-11-04 10:25:27] EDIT indep/controllers/reports.py: 0
[2014-11-04 10:25:56] EDIT indep/controllers/reports.py: 0
[2014-11-04 10:26:22] EDIT indep/controllers/reports.py: 0
[2014-11-04 10:28:21] EDIT indep/controllers/reports.py: 1
[2014-11-04 10:28:45] EDIT indep/controllers/reports.py: 0
[2014-11-04 10:29:50] EDIT indep/controllers/reports.py: 1
[2014-11-04 10:32:48] EDIT indep/controllers/reports.py: -1
[2014-11-04 10:49:20] EDIT indep/controllers/reports.py: 0
[2014-11-04 10:52:58] EDIT indep/views/reports/action_display.html: 1
[2014-11-04 10:55:31] EDIT indep/controllers/reports.py: 1
[2014-11-04 10:56:00] EDIT indep/controllers/reports.py: 0
[2014-11-04 10:56:38] EDIT indep/controllers/reports.py: 0
[2014-11-04 10:57:05] EDIT indep/controllers/reports.py: 0
[2014-11-04 10:58:44] EDIT indep/controllers/reports.py: -1
[2014-11-04 10:59:18] EDIT indep/controllers/reports.py: 0
[2014-11-04 11:00:07] EDIT indep/controllers/reports.py: 0
[2014-11-04 11:17:03] EDIT indep/controllers/reports.py: -1
[2014-11-04 11:19:22] EDIT indep/controllers/reports.py: 4
[2014-11-04 11:20:01] EDIT indep/controllers/reports.py: 0
[2014-11-04 11:21:06] EDIT indep/controllers/reports.py: 0
[2014-11-04 11:27:16] EDIT indep/controllers/reports.py: 0
[2014-11-04 11:41:48] EDIT indep/controllers/reports.py: 3
[2014-11-04 11:42:09] EDIT indep/controllers/reports.py: 1
[2014-11-04 11:42:20] EDIT indep/controllers/reports.py: 0
[2014-11-04 11:44:08] EDIT indep/controllers/reports.py: 0
[2014-11-04 11:45:21] EDIT indep/controllers/reports.py: -6
[2014-11-04 11:46:51] EDIT indep/controllers/reports.py: -1
[2014-11-04 11:49:14] EDIT indep/controllers/reports.py: 1
[2014-11-04 14:01:15] EDIT indep/models/menu.py: 0
[2014-11-04 14:01:39] EDIT indep/models/menu.py: 0
[2014-11-04 14:01:51] EDIT indep/models/menu.py: 0
[2014-11-04 14:02:40] EDIT indep/models/menu.py: 1
[2014-11-04 14:03:49] EDIT indep/models/menu.py: 0
[2014-11-04 14:04:21] EDIT indep/models/menu.py: 0
[2014-11-04 14:05:02] EDIT indep/models/menu.py: 0
[2014-11-04 14:07:10] EDIT indep/models/menu.py: 0
[2014-11-04 14:07:55] EDIT indep/models/menu.py: 0
[2014-11-04 14:08:21] EDIT indep/models/menu.py: 0
[2014-11-04 14:09:04] EDIT indep/models/menu.py: 0
[2014-11-04 14:10:08] EDIT indep/models/menu.py: 0
[2014-11-04 14:10:30] EDIT indep/models/menu.py: 0
[2014-11-04 14:14:07] EDIT indep/models/menu.py: 0
[2014-11-04 14:14:43] EDIT indep/models/menu.py: 0
[2014-11-04 14:15:21] EDIT indep/models/menu.py: 0
[2014-11-04 14:16:35] EDIT indep/models/menu.py: 0
[2014-11-04 14:17:19] EDIT indep/models/menu.py: 0
[2014-11-04 14:17:32] EDIT indep/models/menu.py: 0
[2014-11-04 14:18:20] EDIT indep/models/menu.py: 0
[2014-11-04 14:24:36] EDIT indep/models/menu.py: 0
[2014-11-04 14:43:04] EDIT indep/models/menu.py: 1
[2014-11-04 14:43:48] EDIT indep/models/menu.py: 0
[2014-11-04 14:45:47] EDIT indep/controllers/default.py: 2
[2014-11-04 15:03:30] EDIT indep/controllers/default.py: 1
[2014-11-04 15:03:39] EDIT indep/controllers/default.py: 0
[2014-11-10 09:40:22] EDIT indep/controllers/reports.py: 0
[2014-11-10 09:40:36] EDIT indep/controllers/reports.py: 0
[2014-12-02 11:27:36] EDIT indep/controllers/reports.py: 3
[2014-12-02 11:30:48] EDIT indep/controllers/reports.py: 0
[2014-12-02 11:31:59] EDIT indep/controllers/reports.py: 0
[2014-12-02 11:33:19] EDIT indep/controllers/reports.py: 0
[2014-12-02 11:33:44] EDIT indep/controllers/reports.py: 0
[2014-12-08 13:18:52] EDIT indep/controllers/default.py: 1
[2014-12-08 13:20:01] EDIT indep/models/menu.py: 0
[2014-12-08 13:32:19] EDIT indep/controllers/default.py: 1
[2014-12-08 13:35:39] EDIT indep/controllers/default.py: 1
[2014-12-08 13:38:54] EDIT indep/controllers/default.py: 1
[2014-12-08 13:44:50] EDIT indep/controllers/default.py: -1
[2014-12-08 13:54:25] EDIT indep/controllers/default.py: 0
[2014-12-08 14:08:28] EDIT indep/controllers/default.py: 0
[2014-12-08 14:08:36] EDIT indep/controllers/default.py: 1
[2014-12-08 14:09:16] EDIT indep/controllers/default.py: 2
[2014-12-08 14:09:31] EDIT indep/controllers/default.py: 1
[2014-12-16 12:11:46] EDIT indep/controllers/default.py: 18
[2014-12-16 12:15:16] EDIT indep/views/default/show_ajax.html: 0
[2014-12-16 12:18:32] EDIT indep/controllers/default.py: 0
[2014-12-23 14:28:39] EDIT indep/models/db1.py: 2
[2014-12-23 14:42:29] EDIT indep/models/db1.py: 2
[2014-12-23 14:47:34] EDIT indep/controllers/default.py: 2
[2014-12-23 14:51:34] EDIT indep/controllers/default.py: 0
[2014-12-23 15:02:21] EDIT indep/controllers/default.py: -26
[2014-12-23 15:05:15] EDIT indep/controllers/default.py: 0
[2014-12-23 15:06:29] EDIT indep/models/db1.py: -12
[2014-12-23 15:07:44] EDIT indep/models/db1.py: -12
[2014-12-23 15:11:03] EDIT indep/models/db1.py: 0
[2015-01-05 10:44:45] EDIT indep/models/db1.py: 10
[2015-01-05 10:47:45] EDIT indep/models/db1.py: 0
[2015-01-05 10:52:19] EDIT indep/controllers/default.py: 0
[2015-01-05 10:56:31] EDIT indep/controllers/default.py: 0
[2015-01-05 10:56:34] EDIT indep/controllers/default.py: 0
[2015-01-05 11:06:30] EDIT indep/models/db1.py: 0
[2015-01-05 11:10:18] EDIT indep/models/db1.py: 0
[2015-01-05 11:20:56] EDIT indep/views/default/show_ajax.html: 0
[2015-01-05 11:23:59] EDIT indep/controllers/default.py: 0
[2015-01-05 11:28:55] EDIT indep/controllers/default.py: 0
[2015-01-05 11:31:32] EDIT indep/controllers/default.py: 0
[2015-01-05 14:03:43] EDIT indep/models/db.py: 0
[2015-01-05 14:09:15] EDIT indep/views/default/edit_case.html: 0
[2015-01-05 14:09:28] EDIT indep/views/default/edit_case.html: 0
[2015-01-06 09:53:28] EDIT indep/models/db.py: 0
[2015-01-06 10:37:31] EDIT indep/controllers/default.py: 0
[2015-01-06 10:37:39] EDIT indep/models/db1.py: 0
[2015-01-06 10:45:01] EDIT indep/controllers/default.py: 0
[2015-01-06 10:46:56] EDIT indep/controllers/default.py: 0
[2015-01-06 10:51:04] EDIT indep/controllers/default.py: 0
[2015-01-06 10:54:00] EDIT indep/controllers/default.py: 0
[2015-01-06 10:55:07] EDIT indep/controllers/default.py: 0
[2015-01-06 10:55:58] EDIT indep/controllers/default.py: 0
[2015-01-06 10:58:53] EDIT indep/controllers/default.py: 0
[2015-01-06 10:58:53] EDIT indep/controllers/default.py: 0
[2015-01-06 11:05:31] EDIT indep/controllers/default.py: 0
[2015-01-06 11:08:40] EDIT indep/controllers/default.py: 0
[2015-01-06 11:12:44] EDIT indep/controllers/default.py: 0
[2015-01-06 11:24:45] EDIT indep/controllers/default.py: 0
[2015-01-06 11:25:26] EDIT indep/controllers/default.py: 0
[2015-01-06 12:03:34] EDIT indep/controllers/default.py: 16
[2015-01-06 12:09:12] EDIT indep/controllers/default.py: 0
[2015-01-06 13:39:20] EDIT indep/models/db1.py: 1
[2015-01-06 13:40:02] EDIT indep/models/db1.py: 0
[2015-01-06 13:41:26] EDIT indep/models/db1.py: 0
[2015-01-06 13:42:40] EDIT indep/models/db1.py: 1
[2015-01-06 13:46:40] EDIT indep/models/db1.py: -2
[2015-01-06 13:47:19] EDIT indep/models/db1.py: 0
[2015-01-06 13:55:47] EDIT indep/models/db1.py: 0
[2015-01-06 13:59:30] EDIT indep/models/db1.py: 2
[2015-01-06 14:02:03] EDIT indep/models/db1.py: 0
[2015-01-06 14:02:48] EDIT indep/models/db1.py: 0
[2015-01-06 14:03:44] EDIT indep/models/db1.py: 0
[2015-01-06 14:04:37] EDIT indep/models/db1.py: 0
[2015-01-06 14:05:01] EDIT indep/models/db1.py: 0
[2015-01-06 14:06:51] EDIT indep/models/db1.py: 0
[2015-01-06 14:08:02] EDIT indep/models/db1.py: -2
[2015-01-06 14:10:12] EDIT indep/controllers/default.py: 0
[2015-01-06 14:42:38] EDIT indep/models/menu.py: -2
[2015-01-19 09:38:51] EDIT indep/models/db1.py: 4
[2015-01-19 09:39:51] EDIT indep/models/db1.py: 1
[2015-01-19 09:50:49] EDIT indep/views/default/index.html: -1
[2015-01-19 09:51:42] EDIT indep/views/default/index.html: 0
[2015-01-19 09:52:47] EDIT indep/views/default/index.html: 0
[2015-01-19 10:00:11] EDIT indep/controllers/reports.py: 0
[2015-01-19 10:03:32] EDIT indep/controllers/reports.py: 0
[2015-01-19 10:03:43] EDIT indep/controllers/reports.py: 0
[2015-01-19 10:07:23] EDIT indep/controllers/reports.py: 1
[2015-01-19 10:07:54] EDIT indep/controllers/reports.py: 0
[2015-01-19 10:14:41] EDIT indep/controllers/reports.py: 0
[2015-01-20 15:19:44] EDIT indep/models/db1.py: 0
[2015-01-20 15:28:40] EDIT indep/controllers/default.py: 0
[2015-01-20 15:29:18] EDIT indep/controllers/default.py: 0
[2015-01-20 15:33:27] EDIT indep/controllers/default.py: 1
[2015-01-20 15:35:18] EDIT indep/controllers/default.py: 0
[2015-01-20 15:35:47] EDIT indep/controllers/default.py: 1
[2015-01-20 15:37:41] EDIT indep/controllers/default.py: 0
[2015-01-20 15:38:23] EDIT indep/controllers/default.py: 0
[2015-01-20 15:39:47] EDIT indep/views/default/edit_case.html: 0
[2015-01-20 15:45:58] EDIT indep/controllers/default.py: 1
[2015-01-20 15:46:19] EDIT indep/controllers/default.py: 1
[2015-01-20 15:46:23] EDIT indep/controllers/default.py: 0
[2015-01-20 15:47:35] EDIT indep/models/db1.py: 1
[2015-01-20 15:51:16] EDIT indep/views/default/edit_case.html: 0
[2015-01-20 15:55:30] EDIT indep/controllers/default.py: 0
[2015-01-20 15:59:09] EDIT indep/controllers/default.py: 0
[2015-01-20 16:00:39] EDIT indep/controllers/default.py: 0
[2015-01-20 16:02:05] EDIT indep/controllers/default.py: 0
[2015-01-22 07:07:50] EDIT indep/controllers/default.py: 0
[2015-01-22 07:08:52] EDIT indep/controllers/default.py: 0
[2015-01-22 07:10:04] EDIT indep/controllers/default.py: 0
[2015-01-22 07:19:41] EDIT indep/controllers/default.py: 0
[2015-01-22 07:22:46] EDIT indep/controllers/default.py: 0
[2015-01-22 07:24:41] EDIT indep/controllers/default.py: -1
[2015-01-22 07:37:12] EDIT indep/models/db1.py: 0
[2015-01-22 07:37:19] EDIT indep/controllers/default.py: 0
[2015-01-22 07:38:13] EDIT indep/models/db1.py: 0
[2015-01-22 07:40:12] EDIT indep/models/db1.py: 1
[2015-01-22 07:47:14] EDIT indep/models/db1.py: -3
[2015-01-22 07:50:55] EDIT indep/models/db1.py: 0
[2015-01-22 07:53:01] EDIT indep/models/db1.py: 0
[2015-01-22 08:38:40] EDIT indep/models/db1.py: 0
[2015-01-22 08:39:59] EDIT indep/views/default/edit_case.html: 0
[2015-01-22 08:41:12] EDIT indep/views/default/edit_case.html: 0
[2015-01-22 08:48:13] EDIT indep/controllers/default.py: 0
[2015-01-22 09:02:21] EDIT indep/models/db1.py: 1
[2015-01-22 09:02:51] EDIT indep/models/db1.py: 0
[2015-01-22 09:02:58] EDIT indep/controllers/default.py: 0
[2015-01-22 09:03:13] EDIT indep/models/db1.py: -1
[2015-01-22 09:30:27] EDIT indep/models/db1.py: -2
[2015-01-22 10:26:53] EDIT indep/models/db1.py: 0
[2015-01-22 10:28:32] EDIT indep/controllers/default.py: 0
[2015-01-22 10:43:56] EDIT indep/controllers/default.py: 0
[2015-01-22 10:45:01] EDIT indep/controllers/default.py: 0
[2015-01-22 10:46:04] EDIT indep/controllers/default.py: 0
[2015-01-22 10:48:12] EDIT indep/views/default/edit_case.html: 0
[2015-01-22 10:50:10] EDIT indep/views/default/edit_case.html: 0
[2015-01-22 10:52:13] EDIT indep/controllers/default.py: 0
[2015-01-22 11:05:27] EDIT indep/controllers/default.py: 1
[2015-01-22 11:06:57] EDIT indep/controllers/default.py: 0
[2015-01-22 11:09:10] EDIT indep/controllers/default.py: -1
[2015-01-22 11:12:23] EDIT indep/controllers/default.py: 0
[2015-01-22 11:19:03] EDIT indep/controllers/default.py: 2
[2015-01-22 11:23:33] EDIT indep/controllers/default.py: 1
[2015-01-22 11:24:06] EDIT indep/controllers/default.py: 0
[2015-01-22 11:26:35] EDIT indep/controllers/default.py: -1
[2015-01-22 11:29:05] EDIT indep/controllers/default.py: 1
[2015-01-22 11:30:21] EDIT indep/controllers/default.py: 0
[2015-01-22 11:32:14] EDIT indep/controllers/default.py: 0
[2015-01-22 11:34:29] EDIT indep/controllers/default.py: -2
[2015-01-22 11:36:21] EDIT indep/views/default/edit_action.html: 1
[2015-01-22 11:37:09] EDIT indep/controllers/default.py: 1
[2015-01-22 11:37:17] EDIT indep/views/default/edit_action.html: 0
[2015-01-22 11:38:33] EDIT indep/views/default/edit_action.html: 2
[2015-01-22 11:42:07] EDIT indep/controllers/default.py: 1
[2015-01-22 11:43:44] EDIT indep/controllers/default.py: 0
[2015-01-22 11:45:01] EDIT indep/controllers/default.py: 0
[2015-01-22 11:45:49] EDIT indep/controllers/default.py: 0
[2015-01-22 11:46:25] EDIT indep/controllers/default.py: 0
[2015-01-22 11:47:43] EDIT indep/controllers/default.py: 0
[2015-01-22 11:47:48] EDIT indep/controllers/default.py: 0
[2015-01-22 11:48:47] EDIT indep/views/default/edit_action.html: 0
[2015-01-22 11:50:12] EDIT indep/views/default/edit_case.html: 0
[2015-01-22 12:49:53] EDIT indep/controllers/default.py: 0
[2015-01-22 12:50:12] EDIT indep/controllers/default.py: 0
[2015-01-22 12:51:03] EDIT indep/controllers/default.py: 0
[2015-01-22 12:53:47] EDIT indep/controllers/default.py: 0
[2015-01-22 12:54:03] EDIT indep/controllers/default.py: 0
[2015-02-02 10:06:36] EDIT indep/models/db.py: 0
[2015-02-02 12:52:04] EDIT indepx/models/db.py: 13
[2015-02-02 13:10:53] EDIT indepx/models/db.py: 0
[2015-02-02 13:11:05] EDIT indepx/controllers/default.py: 0
[2015-02-02 13:12:09] EDIT indepx/models/db.py: 0
[2015-02-02 13:14:27] EDIT indepx/models/db.py: 0
[2015-02-02 13:29:33] EDIT indepx/controllers/default.py: 0
[2015-02-05 08:45:27] EDIT indepx/models/db1.py: 7
[2015-02-05 10:40:33] EDIT indepx/controllers/default.py: 0
[2015-02-05 10:42:09] EDIT indepx/controllers/default.py: 0
[2015-02-05 10:45:14] EDIT indepx/controllers/default.py: 0
[2015-02-05 10:47:03] EDIT indepx/controllers/default.py: 0
[2015-02-05 11:11:29] EDIT indepx/controllers/default.py: 0
[2015-02-05 11:15:36] EDIT indepx/controllers/default.py: 0
[2015-02-05 11:19:24] EDIT indepx/views/default/edit_case.html: 1
[2015-02-05 11:22:50] EDIT indepx/controllers/default.py: 0
[2015-02-05 11:24:20] EDIT indepx/controllers/default.py: 0
[2015-02-05 11:27:05] EDIT indepx/views/default/index.html: 0
[2015-02-05 11:27:11] EDIT indepx/views/default/index.html: 0
[2015-02-05 11:33:02] EDIT indepx/controllers/default.py: 3
[2015-02-05 11:33:40] CREATE default/dummy.html: 0
[2015-02-05 11:34:03] EDIT indepx/views/default/edit_action.html: 1
[2015-02-05 11:36:09] EDIT indepx/views/default/edit_action.html: 0
[2015-02-05 11:45:29] EDIT indepx/views/default/edit_action.html: 0
[2015-02-05 12:01:36] EDIT indepx/views/default/edit_action.html: 0
[2015-02-05 12:01:56] EDIT indepx/views/default/edit_action.html: 0
[2015-02-05 13:04:04] EDIT indepx/views/default/edit_action.html: 0
[2015-02-05 13:05:43] EDIT indepx/views/default/edit_action.html: 0
[2015-02-05 13:06:30] EDIT indepx/views/default/edit_action.html: 0
[2015-02-05 13:19:15] EDIT indepx/views/default/show_ajax.html: 3
[2015-02-05 13:21:47] EDIT indepx/controllers/default.py: 2
[2015-02-05 13:22:42] EDIT indepx/views/default/show_ajax.html: 0
[2015-02-05 13:23:30] EDIT indepx/views/default/show_ajax.html: 0
[2015-02-05 13:23:55] EDIT indepx/views/default/show_ajax.html: 0
[2015-02-05 13:24:50] EDIT indepx/views/default/show_ajax.html: 2
[2015-02-05 13:27:30] EDIT indepx/views/default/index.html: 1
[2015-02-05 13:29:40] EDIT indepx/controllers/default.py: 3
[2015-02-05 13:30:21] EDIT indepx/controllers/default.py: 1
[2015-02-05 13:31:25] EDIT indepx/views/default/show_ajax.html: 1
[2015-02-05 13:33:16] EDIT indepx/controllers/default.py: 0
[2015-02-05 13:34:41] EDIT indepx/controllers/default.py: 0
[2015-02-05 14:37:54] EDIT indepx/controllers/default.py: -6
[2015-02-05 14:38:31] EDIT indepx/controllers/default.py: 1
[2015-02-05 14:41:42] EDIT indepx/controllers/default.py: 1
[2015-02-05 14:43:09] EDIT indepx/controllers/default.py: 0
[2015-02-05 14:43:32] EDIT indepx/controllers/default.py: 0
[2015-02-05 14:43:50] EDIT indepx/controllers/default.py: 0
[2015-02-05 14:44:11] EDIT indepx/controllers/default.py: -1
[2015-02-05 14:48:34] EDIT indepx/views/default/show_ajax.html: -2
[2015-02-05 14:48:48] EDIT indepx/views/default/show_ajax.html: 0
[2015-02-05 15:07:52] EDIT indepx/views/default/edit_action.html: 0
[2015-02-05 15:09:43] EDIT indepx/views/default/show_ajax.html: 0
[2015-02-05 15:10:14] EDIT indepx/views/default/show_ajax.html: 0
[2015-02-05 15:11:22] EDIT indepx/controllers/default.py: 0
[2015-02-09 13:25:18] EDIT indepx/controllers/default.py: -1
[2015-02-09 13:31:27] EDIT indepx/controllers/default.py: 1
[2015-02-09 13:32:16] EDIT indepx/views/default/show_ajax.html: 0
[2015-02-09 13:32:21] EDIT indepx/controllers/default.py: 0
[2015-02-09 13:44:41] EDIT indepx/views/default/index.html: 0
[2015-02-09 13:54:00] EDIT indepx/controllers/default.py: 7
[2015-02-09 13:55:33] EDIT indepx/controllers/default.py: 2
[2015-02-09 13:56:46] EDIT indepx/views/default/edit_action.html: 0
[2015-02-09 14:00:06] EDIT indepx/controllers/default.py: 1
[2015-02-09 14:00:09] EDIT indepx/views/default/index.html: 0
[2015-02-09 14:00:12] EDIT indepx/views/default/edit_action.html: 0
[2015-02-09 14:03:15] EDIT indepx/views/default/show_ajax.html: 1
[2015-02-09 14:03:32] EDIT indepx/views/default/show_ajax.html: 0
[2015-02-09 14:04:47] EDIT indepx/views/default/edit_action.html: 0
[2015-02-09 14:06:31] EDIT indepx/controllers/default.py: 0
[2015-02-09 14:09:01] EDIT indepx/controllers/default.py: 0
[2015-02-09 14:09:11] EDIT indepx/controllers/default.py: 0
[2015-02-09 14:09:55] EDIT indepx/controllers/default.py: 0
[2015-02-09 14:11:08] EDIT indepx/controllers/default.py: 0
[2015-02-09 14:12:18] EDIT indepx/controllers/default.py: 0
[2015-02-09 14:16:23] EDIT indepx/controllers/default.py: 0
[2015-02-09 14:16:51] EDIT indepx/controllers/default.py: 0
[2015-02-09 14:19:39] EDIT indepx/views/default/show_ajax.html: 0
[2015-02-09 14:20:29] EDIT indepx/views/default/show_ajax.html: -3
[2015-02-09 14:26:43] EDIT indepx/views/default/edit_action.html: 1
[2015-02-09 14:28:10] EDIT indepx/views/default/edit_action.html: -1
[2015-02-09 14:28:42] EDIT indepx/views/default/show_ajax.html: 1
[2015-02-09 14:29:56] EDIT indepx/views/default/show_ajax.html: 0
[2015-02-09 14:30:48] EDIT indepx/views/default/edit_action.html: 0
[2015-02-09 14:31:56] EDIT indepx/views/default/edit_action.html: 0
[2015-02-09 14:33:49] EDIT indepx/views/default/edit_action.html: 0
[2015-02-09 14:34:26] EDIT indepx/views/default/show_ajax.html: 0
[2015-02-09 14:36:19] EDIT indepx/views/default/edit_action.html: 0
[2015-02-09 14:36:49] EDIT indepx/views/default/show_ajax.html: 0
[2015-02-09 14:36:52] EDIT indepx/views/default/show_ajax.html: 0
[2015-02-09 14:38:49] EDIT indepx/views/default/edit_action.html: 0
[2015-02-09 14:39:51] EDIT indepx/views/default/edit_action.html: 0
[2015-02-09 14:40:27] EDIT indepx/views/default/edit_action.html: 0
[2015-02-09 14:59:23] EDIT indepx/models/db1.py: 1
[2015-02-10 10:41:23] EDIT indepx/views/default/edit_action.html: 0
[2015-02-10 10:42:55] EDIT indepx/views/default/show_ajax.html: 0
[2015-02-10 10:51:41] EDIT indepx/controllers/default.py: 0
[2015-02-10 10:54:14] EDIT indepx/controllers/default.py: 0
[2015-02-10 10:54:52] EDIT indepx/views/default/show_ajax.html: 0
[2015-02-10 10:59:04] EDIT indepx/views/default/show_ajax.html: 0
[2015-02-10 11:01:51] EDIT indepx/views/default/show_ajax.html: 0
[2015-02-10 11:02:29] EDIT indepx/views/default/show_ajax.html: 0
[2015-02-10 11:03:30] EDIT indepx/views/default/show_ajax.html: 0
[2015-02-10 11:08:58] EDIT indepx/controllers/default.py: 0
[2015-02-10 11:09:09] EDIT indepx/controllers/default.py: 0
[2015-02-10 11:16:44] EDIT indepx/views/default/edit_case.html: 1
[2015-02-10 11:16:47] EDIT indepx/views/default/edit_action.html: -1
[2015-02-10 11:16:50] EDIT indepx/views/default/show_ajax.html: 0
[2015-02-10 11:16:53] EDIT indepx/controllers/default.py: 0
[2015-02-10 11:21:55] CREATE default/edit_witness.html: 0
[2015-02-10 11:34:11] EDIT indepx/views/default/edit_case.html: 0
[2015-02-10 11:34:15] EDIT indepx/controllers/default.py: 24
[2015-02-10 11:37:55] EDIT indepx/controllers/default.py: -2
[2015-02-10 11:50:43] EDIT indepx/controllers/default.py: 0
[2015-02-10 11:59:26] EDIT indepx/models/db1.py: 1
[2015-02-10 12:00:53] EDIT indepx/models/db1.py: 0
[2015-02-10 12:23:25] EDIT indepx/controllers/default.py: -2
[2015-02-10 12:23:59] EDIT indepx/controllers/default.py: 0
[2015-02-10 12:27:36] EDIT indepx/controllers/default.py: 0
[2015-02-10 13:00:57] EDIT indepx/controllers/default.py: 1
[2015-02-10 13:01:53] EDIT indepx/views/default/edit_case.html: 1
[2015-02-10 13:03:17] EDIT indepx/controllers/default.py: 0
[2015-02-10 13:03:25] EDIT indepx/views/default/edit_case.html: 0
[2015-02-10 13:05:50] EDIT indepx/views/default/show_ajax.html: 0
[2015-02-10 13:06:29] EDIT indepx/controllers/default.py: 1
[2015-02-10 13:09:02] EDIT indepx/controllers/default.py: 0
[2015-02-10 13:10:32] EDIT indepx/controllers/default.py: 0
[2015-02-10 13:32:00] EDIT indepx/controllers/default.py: 1
[2015-02-10 13:32:36] EDIT indepx/controllers/default.py: 0
[2015-02-10 13:36:58] EDIT indepx/controllers/default.py: 0
[2015-02-10 13:38:29] EDIT indepx/controllers/default.py: 0
[2015-02-10 13:55:23] EDIT indepx/models/db1.py: 0
[2015-02-10 13:56:13] EDIT indepx/models/db1.py: 0
[2015-02-10 13:57:12] EDIT indepx/controllers/default.py: -1
[2015-02-10 13:59:17] EDIT indepx/models/db1.py: 0
[2015-02-10 14:01:22] EDIT indepx/views/default/edit_witness.html: 0
[2015-02-10 14:01:58] EDIT indepx/views/default/edit_witness.html: 0
[2015-02-10 14:15:36] EDIT indepx/controllers/default.py: 0
[2015-02-10 14:25:17] EDIT indepx/controllers/default.py: -1
[2015-02-10 14:26:49] EDIT indepx/models/db1.py: -1
[2015-02-10 14:29:17] EDIT indepx/models/db1.py: 0
[2015-02-10 14:29:19] EDIT indepx/models/db1.py: 0
[2015-02-10 14:33:25] EDIT indepx/models/db1.py: 0
[2015-02-10 14:33:26] EDIT indepx/models/db1.py: 0
[2015-02-10 14:34:55] EDIT indepx/models/db1.py: 0
[2015-02-10 14:36:17] EDIT indepx/models/db1.py: 1
[2015-02-10 15:51:50] EDIT indepx/controllers/default.py: 2
[2015-02-10 15:52:34] EDIT indepx/controllers/default.py: 0
[2015-02-10 15:59:12] EDIT indepx/controllers/default.py: 2
[2015-02-16 07:29:07] CREATE css/ccpoa.cs: 0
[2015-02-16 07:42:55] EDIT indepx/static/css/ccpoa.cs: 8
[2015-02-16 07:49:58] EDIT indepx/views/layout.html: 1
[2015-02-16 07:50:31] EDIT indepx/views/layout.html: 0
[2015-02-16 07:51:30] EDIT indepx/views/default/edit_witness.html: 2
[2015-02-16 07:55:04] EDIT indepx/views/default/edit_case.html: 2
[2015-02-16 07:59:35] EDIT indepx/views/layout.html: 0
[2015-02-16 08:03:26] EDIT indepx/static/css/ccpoa.css: 1
[2015-02-16 08:06:36] EDIT indepx/static/css/ccpoa.css: 0
[2015-02-16 08:20:04] EDIT indepx/static/css/ccpoa.css: 10
[2015-02-16 08:22:18] EDIT indepx/views/default/edit_case.html: 4
[2015-02-16 08:23:11] EDIT indepx/static/css/ccpoa.css: 0
[2015-02-16 08:26:53] EDIT indepx/views/default/edit_case.html: 5
[2015-02-16 08:29:40] EDIT indepx/static/css/ccpoa.css: 1
[2015-02-16 08:31:57] EDIT indepx/static/css/ccpoa.css: -1
[2015-02-16 08:32:47] EDIT indepx/static/css/ccpoa.css: 1
[2015-02-16 08:32:53] EDIT indepx/static/css/ccpoa.css: 0
[2015-02-16 08:34:39] EDIT indepx/static/css/ccpoa.css: 1
[2015-02-16 08:40:46] EDIT indepx/controllers/default.py: 0
[2015-02-16 14:18:31] EDIT indepx/controllers/default.py: 5
[2015-02-16 14:20:15] EDIT indepx/controllers/default.py: 0
[2015-02-16 15:32:18] EDIT indepx/controllers/default.py: 3
[2015-02-16 15:34:13] EDIT indepx/controllers/default.py: 0
[2015-02-16 15:34:18] EDIT indepx/controllers/default.py: 0
[2015-02-16 15:36:34] EDIT indepx/controllers/default.py: 1
[2015-02-16 15:36:51] EDIT indepx/controllers/default.py: 0
[2015-02-16 15:38:30] EDIT indepx/controllers/default.py: 0
[2015-02-16 15:42:08] EDIT indepx/controllers/default.py: 0
[2015-02-16 15:47:10] EDIT indepx/controllers/default.py: 0
[2015-02-16 16:32:43] EDIT indepx/controllers/default.py: 1
[2015-02-16 16:34:08] EDIT indepx/views/default/edit_case.html: -4
[2015-02-17 08:08:15] EDIT indepx/views/default/edit_case.html: 8
[2015-02-17 08:09:05] EDIT indepx/views/default/edit_case.html: 1
[2015-02-17 08:10:56] EDIT indepx/views/default/edit_case.html: 0
[2015-02-17 08:11:59] EDIT indepx/views/default/edit_case.html: -1
[2015-02-17 08:13:19] EDIT indepx/controllers/default.py: 0
[2015-02-17 08:13:52] EDIT indepx/controllers/default.py: 0
[2015-02-17 08:14:44] EDIT indepx/controllers/default.py: 0
[2015-02-17 08:41:12] EDIT indepx/views/default/edit_case.html: 1
[2015-02-17 11:53:31] EDIT indepx/controllers/default.py: 1
[2015-02-17 11:59:49] EDIT indepx/controllers/default.py: 0
[2015-02-17 12:14:32] EDIT indepx/controllers/default.py: 0
[2015-02-17 12:17:14] EDIT indepx/controllers/default.py: 0
[2015-02-17 12:18:31] EDIT indepx/controllers/default.py: 2
[2015-02-17 12:20:26] EDIT indepx/views/default/edit_action.html: 2
[2015-02-17 12:57:44] EDIT indepx/controllers/reports.py: 0
[2015-02-17 13:45:51] EDIT indepx/views/default/edit_case.html: 0
[2015-02-17 13:47:45] EDIT indepx/views/default/edit_case.html: 2
[2015-02-17 13:49:38] EDIT indepx/views/default/edit_case.html: 0
[2015-02-17 13:51:49] EDIT indepx/views/default/edit_case.html: 0
[2015-02-17 14:29:54] EDIT indepx/views/layout.html: 0
[2015-02-18 07:16:28] EDIT indepx/controllers/default.py: 0
[2015-02-18 07:17:50] EDIT indepx/controllers/default.py: 0
[2015-02-18 07:21:58] EDIT indepx/controllers/default.py: 0
[2015-02-18 07:22:08] EDIT indepx/controllers/default.py: 0
[2015-02-18 08:29:07] CREATE reports/case_rpt.html: 0
[2015-02-18 08:36:12] EDIT indepx/controllers/default.py: 1
[2015-02-18 08:41:46] EDIT indepx/controllers/default.py: 0
[2015-02-18 08:42:26] EDIT indepx/controllers/default.py: 0
[2015-02-18 08:42:31] EDIT indepx/controllers/default.py: 0
[2015-02-18 08:43:18] EDIT indepx/controllers/default.py: 0
[2015-02-18 08:46:18] EDIT indepx/controllers/default.py: 0
[2015-02-18 08:49:14] EDIT indepx/controllers/default.py: 0
[2015-02-18 08:49:52] EDIT indepx/controllers/default.py: 0
[2015-02-18 08:53:03] EDIT indepx/controllers/default.py: 0
[2015-02-18 08:54:06] EDIT indepx/controllers/default.py: 0
[2015-02-18 09:00:40] EDIT indepx/controllers/default.py: 0
[2015-02-18 09:02:31] EDIT indepx/controllers/default.py: 0
[2015-02-18 09:03:14] EDIT indepx/controllers/default.py: 0
[2015-02-18 09:03:59] EDIT indepx/controllers/default.py: 0
[2015-02-18 09:04:55] EDIT indepx/controllers/default.py: 0
[2015-02-18 09:06:22] EDIT indepx/controllers/default.py: 0
[2015-02-18 09:08:28] EDIT indepx/controllers/default.py: 0
[2015-02-18 09:10:09] EDIT indepx/controllers/default.py: 1
[2015-02-18 09:13:40] EDIT indepx/controllers/default.py: 0
[2015-02-18 09:15:44] EDIT indepx/controllers/default.py: 0
[2015-02-18 09:17:04] EDIT indepx/controllers/default.py: 0
[2015-02-18 09:17:56] EDIT indepx/controllers/default.py: 0
[2015-02-18 09:19:20] EDIT indepx/controllers/default.py: 0
[2015-02-18 09:19:55] EDIT indepx/controllers/default.py: 0
[2015-02-18 09:20:03] EDIT indepx/controllers/default.py: 0
[2015-02-18 09:21:02] EDIT indepx/controllers/default.py: 0
[2015-02-18 09:21:56] EDIT indepx/controllers/default.py: 0
[2015-02-18 09:23:14] EDIT indepx/controllers/default.py: 0
[2015-02-18 09:27:55] EDIT indepx/controllers/default.py: 0
[2015-02-18 09:28:29] EDIT indepx/controllers/default.py: 0
[2015-02-18 09:29:07] EDIT indepx/controllers/default.py: 0
[2015-02-18 09:29:50] EDIT indepx/controllers/default.py: 0
[2015-02-18 09:30:45] EDIT indepx/controllers/default.py: 0
[2015-02-18 09:32:36] EDIT indepx/controllers/default.py: 0
[2015-02-18 09:36:02] EDIT indepx/controllers/default.py: 0
[2015-02-18 09:38:12] EDIT indepx/controllers/default.py: 0
[2015-02-18 09:40:24] EDIT indepx/controllers/default.py: 0
[2015-02-18 09:47:29] EDIT indepx/models/menu.py: 0
[2015-02-18 10:07:09] EDIT indepx/controllers/reports.py: 3
[2015-02-18 10:08:23] CREATE reports/adv_wit_list.html: 0
[2015-02-18 10:08:28] EDIT indepx/controllers/reports.py: 0
[2015-02-18 10:12:16] EDIT indepx/controllers/reports.py: 0
[2015-02-18 10:27:31] CREATE reports/adv_wit_list.csv: 0
[2015-02-18 10:28:38] EDIT indepx/views/reports/adv_wit_list.csv: 7
[2015-02-23 07:16:05] EDIT indepx/controllers/reports.py: 4
[2015-02-23 07:16:18] EDIT indepx/controllers/reports.py: 0
[2015-02-23 07:17:26] EDIT indepx/controllers/reports.py: 0
[2015-02-23 07:18:08] EDIT indepx/controllers/reports.py: 0
[2015-02-23 07:19:21] EDIT indepx/controllers/reports.py: 1
[2015-02-23 07:20:27] EDIT indepx/controllers/reports.py: 0
[2015-02-23 07:23:18] EDIT indepx/controllers/reports.py: 0
[2015-02-23 07:23:22] EDIT indepx/controllers/reports.py: 0
[2015-02-23 07:27:44] EDIT indepx/controllers/reports.py: 1
[2015-02-23 07:32:01] EDIT indepx/controllers/reports.py: -1
[2015-02-23 07:54:10] EDIT indepx/controllers/reports.py: 1
[2015-02-23 08:02:05] EDIT indepx/controllers/reports.py: 0
[2015-02-23 08:10:36] EDIT indepx/controllers/reports.py: 0
[2015-02-23 08:11:37] EDIT indepx/controllers/reports.py: 0
[2015-02-23 08:13:29] EDIT indepx/controllers/reports.py: 4
[2015-02-23 08:18:58] EDIT indepx/controllers/reports.py: 0
[2015-02-23 08:22:44] EDIT indepx/views/reports/adv_wit_list.html: 25
[2015-02-23 08:22:50] EDIT indepx/views/reports/adv_wit_list.html: -7
[2015-02-23 08:23:31] EDIT indepx/views/reports/adv_wit_list.html: -1
[2015-02-23 08:26:34] EDIT indepx/controllers/reports.py: 0
[2015-02-23 08:26:51] EDIT indepx/controllers/reports.py: 0
[2015-02-23 08:27:35] EDIT indepx/views/reports/adv_wit_list.html: 0
[2015-02-23 08:28:09] EDIT indepx/views/reports/adv_wit_list.html: 0
[2015-02-23 08:29:08] EDIT indepx/views/reports/adv_wit_list.html: 3
[2015-02-23 08:30:19] EDIT indepx/views/reports/adv_wit_list.html: 0
[2015-02-23 08:32:13] EDIT indepx/views/reports/adv_wit_list.html: -15
[2015-02-23 08:33:35] EDIT indepx/views/reports/adv_wit_list.html: 3
[2015-02-23 08:34:24] EDIT indepx/views/reports/adv_wit_list.html: 0
[2015-02-23 08:35:32] EDIT indepx/views/reports/adv_wit_list.html: 0
[2015-02-23 08:36:23] EDIT indepx/views/reports/adv_wit_list.html: 0
[2015-02-23 08:40:41] EDIT indepx/views/reports/adv_wit_list.html: 9
[2015-02-23 08:53:10] EDIT indepx/views/reports/adv_wit_list.csv: 0
[2015-02-23 09:23:48] CREATE generic_list.csv: 0
[2015-02-23 09:24:50] EDIT indepx/views/generic_list.csv: 19
[2015-02-23 09:38:50] EDIT indepx/controllers/reports.py: 5
[2015-02-23 09:39:25] EDIT indepx/views/reports/adv_wit_list.html: 0
[2015-02-23 09:40:06] EDIT indepx/views/reports/adv_wit_list.html: 0
[2015-02-23 09:42:25] EDIT indepx/controllers/reports.py: 1
[2015-02-23 09:44:51] EDIT indepx/controllers/reports.py: -1
[2015-02-23 09:44:58] EDIT indepx/controllers/reports.py: 0
[2015-02-23 09:46:42] EDIT indepx/controllers/reports.py: 0
[2015-02-23 09:46:47] EDIT indepx/controllers/reports.py: 0
[2015-02-23 09:48:14] EDIT indepx/views/reports/adv_wit_list.html: 0
[2015-02-23 09:49:40] EDIT indepx/controllers/reports.py: 0
[2015-02-23 09:50:08] EDIT indepx/views/reports/adv_wit_list.html: -13
[2015-02-23 09:52:08] EDIT indepx/views/reports/adv_wit_list.html: 13
[2015-02-23 09:54:27] EDIT indepx/views/reports/adv_wit_list.html: -1
[2015-02-23 09:55:38] EDIT indepx/controllers/reports.py: 0
[2015-02-23 09:56:23] EDIT indepx/controllers/reports.py: 0
[2015-02-23 10:08:13] EDIT indepx/controllers/reports.py: 0
[2015-02-23 10:09:10] EDIT indepx/views/reports/adv_wit_list.html: 1
[2015-02-23 10:10:18] EDIT indepx/views/reports/adv_wit_list.html: 1
[2015-02-23 10:11:08] EDIT indepx/views/reports/adv_wit_list.html: -1
[2015-02-23 10:12:31] EDIT indepx/views/reports/adv_wit_list.csv: 0
[2015-02-23 10:15:05] EDIT indepx/controllers/reports.py: 0
[2015-02-23 10:18:04] EDIT indepx/controllers/reports.py: 0
[2015-02-23 10:32:02] EDIT indepx/controllers/reports.py: 0
[2015-02-23 10:32:18] EDIT indepx/controllers/reports.py: 0
[2015-02-23 10:33:13] EDIT indepx/controllers/reports.py: 1
[2015-02-23 10:33:59] EDIT indepx/controllers/reports.py: 0
[2015-02-23 10:34:14] EDIT indepx/controllers/reports.py: 0
[2015-02-23 10:34:55] EDIT indepx/controllers/reports.py: -4
[2015-02-23 10:36:01] EDIT indepx/controllers/reports.py: 0
[2015-02-23 10:36:31] EDIT indepx/views/reports/adv_wit_list.html: 0
[2015-02-23 10:38:53] EDIT indepx/controllers/reports.py: 3
[2015-02-23 10:40:16] EDIT indepx/controllers/reports.py: -2
[2015-02-23 10:41:43] EDIT indepx/controllers/reports.py: -1
[2015-02-23 10:41:55] EDIT indepx/controllers/reports.py: 0
[2015-02-23 10:42:13] EDIT indepx/controllers/reports.py: 0
[2015-02-23 10:43:10] EDIT indepx/views/reports/adv_wit_list.html: 0
[2015-02-23 10:46:20] EDIT indepx/controllers/reports.py: 3
[2015-02-23 10:46:43] EDIT indepx/views/reports/adv_wit_list.html: 0
[2015-02-23 10:52:10] EDIT indepx/controllers/reports.py: 0
[2015-02-23 10:52:27] EDIT indepx/views/reports/adv_wit_list.html: 1
[2015-02-23 10:54:30] EDIT indepx/controllers/reports.py: 0
[2015-02-23 10:57:10] EDIT indepx/controllers/reports.py: 0
[2015-02-23 10:57:54] EDIT indepx/views/reports/case_rpt.html: 0
[2015-02-23 10:58:40] EDIT indepx/controllers/reports.py: 0
[2015-02-23 10:58:50] EDIT indepx/controllers/reports.py: 0
[2015-02-23 10:59:34] EDIT indepx/views/reports/case_rpt.html: 1
[2015-02-23 11:00:45] EDIT indepx/controllers/reports.py: 0
[2015-02-23 11:01:00] EDIT indepx/views/reports/case_rpt.html: 0
[2015-02-23 11:01:41] EDIT indepx/controllers/reports.py: 0
[2015-02-23 11:02:27] EDIT indepx/controllers/reports.py: 1
[2015-02-23 11:04:21] EDIT indepx/controllers/reports.py: 0
[2015-02-23 11:41:23] EDIT indepx/controllers/reports.py: 0
[2015-02-23 11:44:18] EDIT indepx/controllers/reports.py: 1
[2015-02-23 11:47:37] EDIT indepx/views/reports/adv_wit_list.csv: 2
[2015-02-23 11:48:39] EDIT indepx/views/reports/adv_wit_list.csv: 1
[2015-02-23 11:49:55] EDIT indepx/views/reports/adv_wit_list.csv: 1
[2015-02-23 11:51:53] EDIT indepx/controllers/reports.py: -2
[2015-02-23 11:52:44] EDIT indepx/views/reports/adv_wit_list.html: 0
[2015-02-23 11:54:31] EDIT indepx/controllers/reports.py: -3
[2015-02-23 11:55:30] EDIT indepx/controllers/reports.py: 0
[2015-02-23 11:57:43] EDIT indepx/views/reports/adv_wit_list.csv: 1
[2015-02-23 12:41:52] EDIT indepx/views/reports/adv_wit_list.html: 0
[2015-02-23 12:42:35] EDIT indepx/views/reports/adv_wit_list.html: 0
[2015-02-23 13:10:21] EDIT indepx/models/menu.py: 1
[2015-02-23 13:11:11] EDIT indepx/models/menu.py: 0
[2015-02-23 13:14:05] EDIT indepx/views/reports/case_rpt.html: -1
[2015-02-23 13:43:06] EDIT indepx/controllers/reports.py: 1
[2015-02-23 13:44:12] EDIT indepx/controllers/reports.py: 1
[2015-02-23 13:44:58] EDIT indepx/views/reports/adv_wit_list.html: 0
[2015-02-23 13:46:19] EDIT indepx/views/reports/adv_wit_list.html: 0
[2015-02-23 13:56:30] EDIT indepx/views/default/index.html: 1
[2015-02-23 13:57:04] EDIT indepx/views/default/index.html: 0
[2015-02-23 13:59:00] EDIT indepx/views/default/index.html: 0
[2015-02-23 14:06:38] EDIT indepx/controllers/reports.py: 4
[2015-02-23 14:06:55] EDIT indepx/controllers/reports.py: 0
[2015-02-23 14:07:02] EDIT indepx/controllers/reports.py: 0
[2015-02-23 14:08:36] EDIT indepx/controllers/reports.py: 1
[2015-02-23 14:12:09] EDIT indepx/views/default/index.html: 0
[2015-02-23 14:12:59] EDIT indepx/views/default/index.html: 0
[2015-02-23 14:24:05] EDIT indepx/views/default/index.html: 0
[2015-02-23 14:27:53] EDIT indepx/views/default/index.html: 0
[2015-02-23 14:28:39] EDIT indepx/views/default/index.html: 0
[2015-02-23 14:37:53] EDIT indepx/views/reports/case_rpt.csv: 3
[2015-02-23 14:39:05] EDIT indepx/views/reports/case_rpt.csv: 1
[2015-02-23 14:40:39] EDIT indepx/views/reports/case_rpt.csv: 0
[2015-02-23 14:43:09] EDIT indepx/views/reports/case_rpt.csv: 1
[2015-02-23 14:44:23] EDIT indepx/controllers/reports.py: 11
[2015-02-23 14:44:54] EDIT indepx/controllers/reports.py: 0
[2015-02-23 14:52:10] EDIT indepx/controllers/reports.py: 1
[2015-02-23 14:53:06] EDIT indepx/controllers/reports.py: 1
[2015-02-23 14:56:14] EDIT indepx/controllers/reports.py: 1
[2015-02-23 14:56:52] EDIT indepx/controllers/reports.py: 0
[2015-02-23 14:58:39] EDIT indepx/controllers/reports.py: 0
[2015-02-24 06:49:39] EDIT indepx/controllers/reports.py: 0
[2015-02-24 06:56:33] EDIT indepx/views/reports/case_rpt.csv: 1
[2015-02-24 06:57:19] EDIT indepx/controllers/reports.py: 0
[2015-02-24 07:01:55] EDIT indepx/views/default/index.html: 0
[2015-02-24 07:12:53] EDIT indepx/views/reports/case_rpt.html: 18
[2015-02-24 07:16:11] EDIT indepx/controllers/reports.py: 4
[2015-02-24 07:21:08] EDIT indepx/views/reports/case_rpt.html: 1
[2015-02-24 07:22:23] EDIT indepx/controllers/reports.py: 1
[2015-02-24 07:23:03] EDIT indepx/controllers/reports.py: 0
[2015-02-24 07:28:48] EDIT indepx/views/reports/case_rpt.html: 0
[2015-02-24 07:29:50] EDIT indepx/views/reports/case_rpt.html: 1
[2015-02-24 08:06:13] CREATE reports/case_rpt.xml: 0
[2015-02-24 08:13:13] EDIT indepx/views/reports/case_rpt.xml: 5
[2015-02-24 08:14:33] EDIT indepx/views/reports/case_rpt.xml: 2
[2015-02-24 08:21:36] EDIT indepx/views/reports/case_rpt.xml: 0
[2015-02-24 09:08:58] EDIT indepx/controllers/reports.py: 3
[2015-02-24 09:10:21] EDIT indepx/controllers/reports.py: 0
[2015-02-24 09:10:33] EDIT indepx/controllers/reports.py: 0
[2015-02-24 09:10:44] EDIT indepx/controllers/reports.py: 0
[2015-02-24 09:12:03] EDIT indepx/controllers/reports.py: 0
[2015-02-24 09:13:17] EDIT indepx/controllers/reports.py: 0
[2015-02-24 09:15:44] EDIT indepx/controllers/reports.py: 0
[2015-02-24 09:26:10] EDIT indepx/controllers/reports.py: 1
[2015-02-24 09:28:01] EDIT indepx/controllers/reports.py: 1
[2015-02-24 09:36:05] EDIT indepx/views/reports/case_rpt.html: 1
[2015-02-24 09:36:53] EDIT indepx/views/reports/case_rpt.html: 0
[2015-02-24 09:55:58] EDIT indepx/views/reports/case_rpt.html: 0
[2015-02-24 09:59:00] EDIT indepx/controllers/reports.py: 1
[2015-02-24 10:00:01] EDIT indepx/views/reports/case_rpt.html: 0
[2015-02-24 10:01:55] EDIT indepx/views/reports/case_rpt.html: 0
[2015-02-24 10:04:19] EDIT indepx/controllers/reports.py: 1
[2015-02-24 10:05:40] EDIT indepx/views/reports/case_rpt.html: -1
[2015-02-24 10:10:40] EDIT indepx/controllers/reports.py: 1
[2015-02-24 10:12:27] EDIT indepx/controllers/reports.py: 3
[2015-02-24 10:13:30] EDIT indepx/controllers/reports.py: 0
[2015-02-24 10:13:51] EDIT indepx/controllers/reports.py: 0
[2015-02-24 10:13:59] EDIT indepx/views/reports/case_rpt.html: 0
[2015-02-24 10:15:13] EDIT indepx/views/reports/case_rpt.html: 0
[2015-02-24 10:20:42] EDIT indepx/views/reports/case_rpt.html: 1
[2015-02-24 10:21:35] EDIT indepx/views/reports/case_rpt.html: 0
[2015-02-24 10:32:10] EDIT indepx/controllers/reports.py: 2
[2015-02-24 10:32:30] EDIT indepx/views/reports/case_rpt.html: 0
[2015-02-24 10:42:39] EDIT indepx/models/menu.py: 1
[2015-02-24 10:45:43] EDIT indepx/models/menu.py: 4
[2015-02-24 10:49:02] EDIT indepx/models/menu.py: 0
[2015-02-24 10:51:09] EDIT indepx/controllers/default.py: -2
[2015-02-24 10:57:49] EDIT indepx/models/menu.py: 5
[2015-02-24 11:13:44] EDIT indepx/models/menu.py: 0
[2015-02-24 11:18:15] EDIT indepx/controllers/default.py: 5
[2015-02-24 11:18:39] EDIT indepx/controllers/default.py: 0
[2015-02-24 11:21:05] EDIT indepx/controllers/default.py: 1
[2015-02-24 11:27:05] EDIT indepx/controllers/default.py: 1
[2015-02-24 11:28:19] EDIT indepx/controllers/default.py: 1
[2015-02-24 11:29:01] EDIT indepx/controllers/default.py: 0
[2015-02-24 11:30:15] EDIT indepx/controllers/default.py: 0
[2015-02-24 11:30:37] EDIT indepx/controllers/default.py: 0
[2015-02-24 11:32:34] EDIT indepx/controllers/default.py: 0
[2015-02-24 11:36:32] EDIT indepx/controllers/default.py: 2
[2015-02-24 11:37:12] EDIT indepx/controllers/default.py: 0
[2015-02-24 11:37:19] EDIT indepx/controllers/default.py: 0
[2015-02-24 11:38:28] EDIT indepx/controllers/default.py: 1
[2015-02-24 11:39:02] EDIT indepx/controllers/default.py: 0
[2015-02-24 11:59:48] EDIT indepx/controllers/default.py: 2
[2015-02-24 12:45:42] EDIT indepx/controllers/default.py: 0
[2015-02-24 12:47:28] EDIT indepx/controllers/default.py: 1
[2015-02-24 13:21:20] EDIT indepx/views/reports/case_rpt.html: -1
[2015-02-24 13:24:37] EDIT indepx/views/reports/case_rpt.html: 0
[2015-02-24 13:26:46] EDIT indepx/controllers/reports.py: 1
[2015-02-24 13:27:27] EDIT indepx/views/reports/adv_wit_list.html: 1
[2015-02-24 13:28:18] EDIT indepx/views/reports/adv_wit_list.html: -1
[2015-02-24 13:35:30] EDIT indepx/views/default/index.html: 0
[2015-02-24 13:45:56] EDIT indepx/views/reports/case_rpt.html: 1
[2015-02-24 13:47:14] EDIT indepx/views/reports/case_rpt.html: 0
[2015-02-25 06:40:57] EDIT indepx/views/reports/adv_wit_list.html: 0
[2015-02-25 06:41:14] EDIT indepx/views/default/edit_case.html: 0
[2015-02-25 06:48:22] EDIT indepx/controllers/reports.py: 0
[2015-02-25 06:48:31] EDIT indepx/controllers/reports.py: 0
[2015-02-25 06:51:52] EDIT indepx/controllers/reports.py: 1
[2015-02-25 06:52:06] EDIT indepx/controllers/reports.py: 0
[2015-02-25 06:52:49] EDIT indepx/controllers/reports.py: 0
[2015-02-25 06:53:19] EDIT indepx/controllers/reports.py: 0
[2015-02-25 06:55:35] EDIT indepx/controllers/reports.py: 0
[2015-02-25 07:01:49] EDIT indepx/controllers/reports.py: 0
[2015-02-25 07:03:52] EDIT indepx/controllers/reports.py: 1
[2015-02-25 07:23:28] EDIT indepx/controllers/default.py: 3
[2015-02-25 07:25:49] EDIT indepx/controllers/default.py: -3
[2015-02-25 07:27:47] EDIT indepx/controllers/default.py: 1
[2015-02-25 07:33:05] EDIT indepx/controllers/default.py: 0
[2015-02-25 07:59:11] EDIT indepx/controllers/default.py: -1
[2015-02-25 07:59:49] EDIT indepx/controllers/default.py: 1
[2015-02-25 08:00:48] EDIT indepx/controllers/default.py: 0
[2015-02-25 08:00:54] EDIT indepx/controllers/default.py: 0
[2015-02-25 08:03:36] EDIT indepx/controllers/default.py: 0
[2015-02-25 08:05:37] EDIT indepx/controllers/default.py: 1
[2015-02-25 08:05:42] EDIT indepx/controllers/default.py: 0
[2015-02-25 08:07:23] EDIT indepx/controllers/default.py: 1
[2015-02-25 08:09:17] EDIT indepx/controllers/default.py: 1
[2015-02-25 08:11:03] EDIT indepx/controllers/default.py: -3
[2015-02-25 08:12:49] EDIT indepx/controllers/default.py: 2
[2015-02-25 08:23:16] EDIT indepx/controllers/default.py: 1
[2015-02-25 08:27:03] EDIT indepx/controllers/default.py: 0
[2015-02-25 08:27:33] EDIT indepx/controllers/default.py: 0
[2015-02-25 08:28:31] EDIT indepx/controllers/default.py: 0
[2015-02-25 08:46:37] EDIT indepx/controllers/default.py: 0
[2015-02-25 08:47:07] EDIT indepx/views/default/show_ajax.html: 0
[2015-02-25 08:48:56] EDIT indepx/views/default/edit_case.html: 0
[2015-02-25 09:00:18] EDIT indepx/controllers/default.py: 0
[2015-02-25 09:00:40] EDIT indepx/views/default/show_ajax.html: 0
[2015-02-25 09:04:06] EDIT indepx/controllers/default.py: 0
[2015-02-25 09:06:01] EDIT indepx/controllers/default.py: 0
[2015-02-25 09:07:47] EDIT indepx/controllers/default.py: 0
[2015-02-25 09:10:08] EDIT indepx/controllers/default.py: 3
[2015-02-25 09:11:27] EDIT indepx/controllers/default.py: 0
[2015-02-25 09:13:54] EDIT indepx/views/default/edit_witness.html: 0
[2015-02-25 09:24:53] EDIT indepx/views/default/show_ajax.html: 0
[2015-02-25 09:25:37] EDIT indepx/views/default/show_ajax.html: 0
[2015-02-25 09:33:28] EDIT indepx/controllers/default.py: 1
[2015-02-25 09:34:24] EDIT indepx/controllers/default.py: 0
[2015-02-25 09:42:02] EDIT indepx/controllers/default.py: 1
[2015-02-25 09:47:17] EDIT indepx/views/default/show_ajax.html: 1
[2015-02-25 09:54:48] EDIT indepx/models/menu.py: 0
[2015-02-25 09:55:27] EDIT indepx/models/menu.py: 0
[2015-02-25 09:56:47] EDIT indepx/models/menu.py: 0
[2015-02-25 09:59:25] EDIT indepx/views/default/edit_case.html: -2
[2015-02-25 13:21:07] EDIT indepx/views/reports/action_display.html: 0
[2015-02-25 13:21:57] EDIT indepx/views/reports/action_display.html: 0
[2015-02-25 13:23:14] EDIT indepx/models/menu.py: 0
[2015-02-25 14:17:52] EDIT indepx/views/reports/action_display.html: 0
[2015-02-25 14:18:35] EDIT indepx/views/reports/action_display.html: 0
[2015-02-25 14:19:06] EDIT indepx/views/reports/action_display.html: 0
[2015-02-25 14:22:39] EDIT indepx/views/reports/action_display.html: 0
[2015-02-25 14:23:04] EDIT indepx/views/reports/action_display.html: 0
[2015-02-25 14:24:52] EDIT indepx/views/reports/action_display.html: 1
[2015-02-25 14:28:49] EDIT indepx/views/reports/action_display.html: 1
[2015-02-25 14:30:32] CREATE reports/action_display.csv: 0
[2015-02-25 14:31:40] EDIT indepx/views/reports/action_display.csv: 7
[2015-02-25 14:33:21] EDIT indepx/controllers/reports.py: 1
[2015-02-25 14:33:33] EDIT indepx/controllers/reports.py: 0
[2015-02-25 14:33:38] EDIT indepx/views/reports/action_display.csv: 1
